version: (200506)

available memory: 64M bytes
used memory: 81920 bytes [need 80K bytes if disable swap]

used block: 3 [memory(3) file(0)]
                 [ 8K(2) 64K(1) { total 80K bytes } ]
overhead: (9514) bytes for (3) blocks [Average: (3171) bytes/block]

write  => 0(times) 0K(bytes) [0K bytes to file]
read   => 1(times) 25K(bytes) [4K bytes compressed data from file]
access => 60704(times) 478M(bytes)
          [hit ratio: 99.9984%]

time: write(0) read(0)  unit: second

swap file directory: (/home/hedu24/MOOK_WORK/0506_Micro_SPI/verdiLog)
used swap file number: (1)



swap file manager:
arrSize: (256)
idxCnt: (4)
closeHead: (1)
closeTail: (2)
openCnt: (2)
fid(3): fd(0) fileName(/home/hedu24/MOOK_WORK/0506_Micro_SPI/simv.daidir/kdb.elab++/work.lib++/uvm_custom_install_verdi_recorder.sv.tdc)
	size(16102) lastModTime(1778156103) curModTime(1778156103)
	mode(rb)	hot(0) cool(0) pos(0)
fid(2): fd(22) fileName(/home/hedu24/MOOK_WORK/0506_Micro_SPI/verdiLog/_swap_0001#261616969#1454824)
	size(0) lastModTime(0) curModTime(1778156571)
	mode(w+b)	hot(0) cool(1) pos(0)
fid(1): fd(1073741824) fileName(/home/hedu24/MOOK_WORK/0506_Micro_SPI/simv.daidir/kdb.elab++/work.lib++/spi_slave.v.tdc)
	size(7796) lastModTime(1778156103) curModTime(1778156103)
	mode(rb)	hot(2) cool(0) pos(0)
fid(0): fd(0) fileName(NULL)
	mode(NULL)	hot(0) cool(0) pos(0)
==================================================
mySelf(0x200a2750) pre(0x215ef800) next((nil))
version(200506)
date(Dec  3 2024 20:20:45)
