
*** Running vivado
    with args -log slave_top.vds -m64 -product Vivado -mode batch -messageDb vivado.pb -notrace -source slave_top.tcl



****** Vivado v2020.2 (64-bit)
  **** SW Build 3064766 on Wed Nov 18 09:12:45 MST 2020
  **** IP Build 3064653 on Wed Nov 18 14:17:31 MST 2020
    ** Copyright 1986-2020 Xilinx, Inc. All Rights Reserved.

source slave_top.tcl -notrace
Command: synth_design -top slave_top -part xc7a35tcpg236-1
Starting synth_design
Attempting to get a license for feature 'Synthesis' and/or device 'xc7a35t'
INFO: [Common 17-349] Got license for feature 'Synthesis' and/or device 'xc7a35t'
INFO: [Device 21-403] Loading part xc7a35tcpg236-1
INFO: [Synth 8-7079] Multithreading enabled for synth_design using a maximum of 2 processes.
INFO: [Synth 8-7078] Launching helper process for spawning children vivado processes
INFO: [Synth 8-7075] Helper process launched with PID 61456
---------------------------------------------------------------------------------
Starting RTL Elaboration : Time (s): cpu = 00:00:04 ; elapsed = 00:00:05 . Memory (MB): peak = 1106.691 ; gain = 0.000
---------------------------------------------------------------------------------
INFO: [Synth 8-6157] synthesizing module 'slave_top' [D:/JJM/260504_SPI_slave/260504_SPI_slave.srcs/sources_1/new/spi_slave.v:8]
INFO: [Synth 8-6157] synthesizing module 'spi_slave' [D:/JJM/260504_SPI_slave/260504_SPI_slave.srcs/sources_1/new/spi_slave.v:71]
	Parameter IDLE bound to: 3'b000 
	Parameter START bound to: 3'b001 
	Parameter DATA_RX bound to: 3'b010 
	Parameter DATA_TX bound to: 3'b011 
	Parameter STOP bound to: 3'b100 
INFO: [Synth 8-6157] synthesizing module 'edge_detector' [D:/JJM/260504_SPI_slave/260504_SPI_slave.srcs/sources_1/new/spi_slave.v:217]
INFO: [Synth 8-6155] done synthesizing module 'edge_detector' (1#1) [D:/JJM/260504_SPI_slave/260504_SPI_slave.srcs/sources_1/new/spi_slave.v:217]
INFO: [Synth 8-6155] done synthesizing module 'spi_slave' (2#1) [D:/JJM/260504_SPI_slave/260504_SPI_slave.srcs/sources_1/new/spi_slave.v:71]
INFO: [Synth 8-6157] synthesizing module 'fnd_controller' [D:/JJM/260504_SPI_slave/260504_SPI_slave.srcs/sources_1/new/spi_slave.v:239]
INFO: [Synth 8-6157] synthesizing module 'digit_splitter' [D:/JJM/260504_SPI_slave/260504_SPI_slave.srcs/sources_1/new/spi_slave.v:383]
INFO: [Synth 8-6155] done synthesizing module 'digit_splitter' (3#1) [D:/JJM/260504_SPI_slave/260504_SPI_slave.srcs/sources_1/new/spi_slave.v:383]
INFO: [Synth 8-6157] synthesizing module 'clk_div' [D:/JJM/260504_SPI_slave/260504_SPI_slave.srcs/sources_1/new/spi_slave.v:295]
INFO: [Synth 8-6155] done synthesizing module 'clk_div' (4#1) [D:/JJM/260504_SPI_slave/260504_SPI_slave.srcs/sources_1/new/spi_slave.v:295]
INFO: [Synth 8-6157] synthesizing module 'counter_4' [D:/JJM/260504_SPI_slave/260504_SPI_slave.srcs/sources_1/new/spi_slave.v:323]
INFO: [Synth 8-6155] done synthesizing module 'counter_4' (5#1) [D:/JJM/260504_SPI_slave/260504_SPI_slave.srcs/sources_1/new/spi_slave.v:323]
INFO: [Synth 8-6157] synthesizing module 'decoder_2x4' [D:/JJM/260504_SPI_slave/260504_SPI_slave.srcs/sources_1/new/spi_slave.v:341]
INFO: [Synth 8-226] default block is never used [D:/JJM/260504_SPI_slave/260504_SPI_slave.srcs/sources_1/new/spi_slave.v:346]
INFO: [Synth 8-6155] done synthesizing module 'decoder_2x4' (6#1) [D:/JJM/260504_SPI_slave/260504_SPI_slave.srcs/sources_1/new/spi_slave.v:341]
INFO: [Synth 8-6157] synthesizing module 'mux_4x1' [D:/JJM/260504_SPI_slave/260504_SPI_slave.srcs/sources_1/new/spi_slave.v:360]
INFO: [Synth 8-226] default block is never used [D:/JJM/260504_SPI_slave/260504_SPI_slave.srcs/sources_1/new/spi_slave.v:369]
INFO: [Synth 8-6155] done synthesizing module 'mux_4x1' (7#1) [D:/JJM/260504_SPI_slave/260504_SPI_slave.srcs/sources_1/new/spi_slave.v:360]
INFO: [Synth 8-6157] synthesizing module 'bcd' [D:/JJM/260504_SPI_slave/260504_SPI_slave.srcs/sources_1/new/spi_slave.v:400]
INFO: [Synth 8-6155] done synthesizing module 'bcd' (8#1) [D:/JJM/260504_SPI_slave/260504_SPI_slave.srcs/sources_1/new/spi_slave.v:400]
INFO: [Synth 8-6155] done synthesizing module 'fnd_controller' (9#1) [D:/JJM/260504_SPI_slave/260504_SPI_slave.srcs/sources_1/new/spi_slave.v:239]
INFO: [Synth 8-6155] done synthesizing module 'slave_top' (10#1) [D:/JJM/260504_SPI_slave/260504_SPI_slave.srcs/sources_1/new/spi_slave.v:8]
---------------------------------------------------------------------------------
Finished RTL Elaboration : Time (s): cpu = 00:00:05 ; elapsed = 00:00:06 . Memory (MB): peak = 1106.691 ; gain = 0.000
---------------------------------------------------------------------------------
---------------------------------------------------------------------------------
Start Handling Custom Attributes
---------------------------------------------------------------------------------
---------------------------------------------------------------------------------
Finished Handling Custom Attributes : Time (s): cpu = 00:00:06 ; elapsed = 00:00:06 . Memory (MB): peak = 1106.691 ; gain = 0.000
---------------------------------------------------------------------------------
---------------------------------------------------------------------------------
Finished RTL Optimization Phase 1 : Time (s): cpu = 00:00:06 ; elapsed = 00:00:06 . Memory (MB): peak = 1106.691 ; gain = 0.000
---------------------------------------------------------------------------------
Netlist sorting complete. Time (s): cpu = 00:00:00 ; elapsed = 00:00:00.002 . Memory (MB): peak = 1106.691 ; gain = 0.000
INFO: [Project 1-570] Preparing netlist for logic optimization

Processing XDC Constraints
Initializing timing engine
Parsing XDC File [D:/JJM/260504_SPI_slave/260504_SPI_slave.srcs/constrs_1/imports/JJM/Basys-3-Master.xdc]
Finished Parsing XDC File [D:/JJM/260504_SPI_slave/260504_SPI_slave.srcs/constrs_1/imports/JJM/Basys-3-Master.xdc]
INFO: [Project 1-236] Implementation specific constraints were found while reading constraint file [D:/JJM/260504_SPI_slave/260504_SPI_slave.srcs/constrs_1/imports/JJM/Basys-3-Master.xdc]. These constraints will be ignored for synthesis but will be used in implementation. Impacted constraints are listed in the file [.Xil/slave_top_propImpl.xdc].
Resolution: To avoid this warning, move constraints listed in [.Xil/slave_top_propImpl.xdc] to another XDC file and exclude this new file from synthesis with the used_in_synthesis property (File Properties dialog in GUI) and re-run elaboration/synthesis.
Completed Processing XDC Constraints

Netlist sorting complete. Time (s): cpu = 00:00:00 ; elapsed = 00:00:00 . Memory (MB): peak = 1163.332 ; gain = 0.000
INFO: [Project 1-111] Unisim Transformation Summary:
No Unisim elements were transformed.

Constraint Validation Runtime : Time (s): cpu = 00:00:00 ; elapsed = 00:00:00.002 . Memory (MB): peak = 1163.332 ; gain = 0.000
---------------------------------------------------------------------------------
Finished Constraint Validation : Time (s): cpu = 00:00:12 ; elapsed = 00:00:13 . Memory (MB): peak = 1163.332 ; gain = 56.641
---------------------------------------------------------------------------------
---------------------------------------------------------------------------------
Start Loading Part and Timing Information
---------------------------------------------------------------------------------
Loading part: xc7a35tcpg236-1
---------------------------------------------------------------------------------
Finished Loading Part and Timing Information : Time (s): cpu = 00:00:12 ; elapsed = 00:00:13 . Memory (MB): peak = 1163.332 ; gain = 56.641
---------------------------------------------------------------------------------
---------------------------------------------------------------------------------
Start Applying 'set_property' XDC Constraints
---------------------------------------------------------------------------------
---------------------------------------------------------------------------------
Finished applying 'set_property' XDC Constraints : Time (s): cpu = 00:00:12 ; elapsed = 00:00:13 . Memory (MB): peak = 1163.332 ; gain = 56.641
---------------------------------------------------------------------------------
INFO: [Synth 8-802] inferred FSM for state register 'c_state_reg' in module 'spi_slave'
---------------------------------------------------------------------------------------------------
                   State |                     New Encoding |                Previous Encoding 
---------------------------------------------------------------------------------------------------
                    IDLE |                              000 |                              000
                   START |                              001 |                              001
                 DATA_TX |                              010 |                              011
                 DATA_RX |                              011 |                              010
                    STOP |                              100 |                              100
---------------------------------------------------------------------------------------------------
INFO: [Synth 8-3354] encoded FSM with state register 'c_state_reg' using encoding 'sequential' in module 'spi_slave'
---------------------------------------------------------------------------------
Finished RTL Optimization Phase 2 : Time (s): cpu = 00:00:12 ; elapsed = 00:00:14 . Memory (MB): peak = 1163.332 ; gain = 56.641
---------------------------------------------------------------------------------
---------------------------------------------------------------------------------
Start RTL Component Statistics 
---------------------------------------------------------------------------------
Detailed RTL Component Info : 
+---Adders : 
	   2 Input   17 Bit       Adders := 1     
	   2 Input    4 Bit       Adders := 1     
	   2 Input    2 Bit       Adders := 1     
+---Registers : 
	               17 Bit    Registers := 1     
	                8 Bit    Registers := 4     
	                4 Bit    Registers := 1     
	                2 Bit    Registers := 1     
	                1 Bit    Registers := 5     
+---Muxes : 
	   2 Input   17 Bit        Muxes := 1     
	   5 Input    8 Bit        Muxes := 2     
	   5 Input    4 Bit        Muxes := 1     
	   4 Input    4 Bit        Muxes := 2     
	   5 Input    3 Bit        Muxes := 1     
	   2 Input    3 Bit        Muxes := 3     
	   2 Input    1 Bit        Muxes := 2     
	   5 Input    1 Bit        Muxes := 7     
---------------------------------------------------------------------------------
Finished RTL Component Statistics 
---------------------------------------------------------------------------------
---------------------------------------------------------------------------------
Start Part Resource Summary
---------------------------------------------------------------------------------
Part Resources:
DSPs: 90 (col length:60)
BRAMs: 100 (col length: RAMB18 60 RAMB36 30)
---------------------------------------------------------------------------------
Finished Part Resource Summary
---------------------------------------------------------------------------------
---------------------------------------------------------------------------------
Start Cross Boundary and Area Optimization
---------------------------------------------------------------------------------
---------------------------------------------------------------------------------
Finished Cross Boundary and Area Optimization : Time (s): cpu = 00:00:16 ; elapsed = 00:00:18 . Memory (MB): peak = 1163.332 ; gain = 56.641
---------------------------------------------------------------------------------
---------------------------------------------------------------------------------
Start Applying XDC Timing Constraints
---------------------------------------------------------------------------------
---------------------------------------------------------------------------------
Finished Applying XDC Timing Constraints : Time (s): cpu = 00:00:23 ; elapsed = 00:00:25 . Memory (MB): peak = 1163.332 ; gain = 56.641
---------------------------------------------------------------------------------
---------------------------------------------------------------------------------
Start Timing Optimization
---------------------------------------------------------------------------------
---------------------------------------------------------------------------------
Finished Timing Optimization : Time (s): cpu = 00:00:23 ; elapsed = 00:00:25 . Memory (MB): peak = 1171.316 ; gain = 64.625
---------------------------------------------------------------------------------
---------------------------------------------------------------------------------
Start Technology Mapping
---------------------------------------------------------------------------------
---------------------------------------------------------------------------------
Finished Technology Mapping : Time (s): cpu = 00:00:23 ; elapsed = 00:00:25 . Memory (MB): peak = 1172.113 ; gain = 65.422
---------------------------------------------------------------------------------
---------------------------------------------------------------------------------
Start IO Insertion
---------------------------------------------------------------------------------
---------------------------------------------------------------------------------
Start Flattening Before IO Insertion
---------------------------------------------------------------------------------
---------------------------------------------------------------------------------
Finished Flattening Before IO Insertion
---------------------------------------------------------------------------------
---------------------------------------------------------------------------------
Start Final Netlist Cleanup
---------------------------------------------------------------------------------
---------------------------------------------------------------------------------
Finished Final Netlist Cleanup
---------------------------------------------------------------------------------
---------------------------------------------------------------------------------
Finished IO Insertion : Time (s): cpu = 00:00:27 ; elapsed = 00:00:29 . Memory (MB): peak = 1186.000 ; gain = 79.309
---------------------------------------------------------------------------------
---------------------------------------------------------------------------------
Start Renaming Generated Instances
---------------------------------------------------------------------------------
---------------------------------------------------------------------------------
Finished Renaming Generated Instances : Time (s): cpu = 00:00:27 ; elapsed = 00:00:29 . Memory (MB): peak = 1186.000 ; gain = 79.309
---------------------------------------------------------------------------------
---------------------------------------------------------------------------------
Start Rebuilding User Hierarchy
---------------------------------------------------------------------------------
---------------------------------------------------------------------------------
Finished Rebuilding User Hierarchy : Time (s): cpu = 00:00:27 ; elapsed = 00:00:29 . Memory (MB): peak = 1186.000 ; gain = 79.309
---------------------------------------------------------------------------------
---------------------------------------------------------------------------------
Start Renaming Generated Ports
---------------------------------------------------------------------------------
---------------------------------------------------------------------------------
Finished Renaming Generated Ports : Time (s): cpu = 00:00:27 ; elapsed = 00:00:29 . Memory (MB): peak = 1186.000 ; gain = 79.309
---------------------------------------------------------------------------------
---------------------------------------------------------------------------------
Start Handling Custom Attributes
---------------------------------------------------------------------------------
---------------------------------------------------------------------------------
Finished Handling Custom Attributes : Time (s): cpu = 00:00:27 ; elapsed = 00:00:29 . Memory (MB): peak = 1186.000 ; gain = 79.309
---------------------------------------------------------------------------------
---------------------------------------------------------------------------------
Start Renaming Generated Nets
---------------------------------------------------------------------------------
---------------------------------------------------------------------------------
Finished Renaming Generated Nets : Time (s): cpu = 00:00:27 ; elapsed = 00:00:29 . Memory (MB): peak = 1186.000 ; gain = 79.309
---------------------------------------------------------------------------------
---------------------------------------------------------------------------------
Start Writing Synthesis Report
---------------------------------------------------------------------------------

Report BlackBoxes: 
+-+--------------+----------+
| |BlackBox name |Instances |
+-+--------------+----------+
+-+--------------+----------+

Report Cell Usage: 
+------+-------+------+
|      |Cell   |Count |
+------+-------+------+
|1     |BUFG   |     1|
|2     |CARRY4 |    10|
|3     |LUT1   |     5|
|4     |LUT2   |    37|
|5     |LUT3   |    22|
|6     |LUT4   |     5|
|7     |LUT5   |    10|
|8     |LUT6   |    28|
|9     |FDCE   |    62|
|10    |IBUF   |    13|
|11    |OBUF   |    13|
+------+-------+------+
---------------------------------------------------------------------------------
Finished Writing Synthesis Report : Time (s): cpu = 00:00:27 ; elapsed = 00:00:29 . Memory (MB): peak = 1186.000 ; gain = 79.309
---------------------------------------------------------------------------------
Synthesis finished with 0 errors, 0 critical warnings and 0 warnings.
Synthesis Optimization Runtime : Time (s): cpu = 00:00:19 ; elapsed = 00:00:27 . Memory (MB): peak = 1186.000 ; gain = 22.668
Synthesis Optimization Complete : Time (s): cpu = 00:00:27 ; elapsed = 00:00:29 . Memory (MB): peak = 1186.000 ; gain = 79.309
INFO: [Project 1-571] Translating synthesized netlist
Netlist sorting complete. Time (s): cpu = 00:00:00 ; elapsed = 00:00:00.001 . Memory (MB): peak = 1197.074 ; gain = 0.000
INFO: [Netlist 29-17] Analyzing 10 Unisim elements for replacement
INFO: [Netlist 29-28] Unisim Transformation completed in 0 CPU seconds
INFO: [Project 1-570] Preparing netlist for logic optimization
INFO: [Opt 31-138] Pushed 0 inverter(s) to 0 load pin(s).
Netlist sorting complete. Time (s): cpu = 00:00:00 ; elapsed = 00:00:00 . Memory (MB): peak = 1197.074 ; gain = 0.000
INFO: [Project 1-111] Unisim Transformation Summary:
No Unisim elements were transformed.

INFO: [Common 17-83] Releasing license: Synthesis
39 Infos, 0 Warnings, 0 Critical Warnings and 0 Errors encountered.
synth_design completed successfully
synth_design: Time (s): cpu = 00:00:32 ; elapsed = 00:00:36 . Memory (MB): peak = 1197.074 ; gain = 90.383
INFO: [Common 17-1381] The checkpoint 'D:/JJM/260504_SPI_slave/260504_SPI_slave.runs/synth_1/slave_top.dcp' has been generated.
INFO: [runtcl-4] Executing : report_utilization -file slave_top_utilization_synth.rpt -pb slave_top_utilization_synth.pb
INFO: [Common 17-206] Exiting Vivado at Mon May  4 21:01:31 2026...
