TRACE::2026-05-04.19:11:40::SCWPlatform::Trying to open the hw design at D:/JJM/260504_MicroBlaze_SPI/workspace/design_1_wrapper/hw/design_1_wrapper.xsa
TRACE::2026-05-04.19:11:40::SCWPlatform::DSA given D:/JJM/260504_MicroBlaze_SPI/workspace/design_1_wrapper/hw/design_1_wrapper.xsa
TRACE::2026-05-04.19:11:40::SCWPlatform::DSA absoulate path D:/JJM/260504_MicroBlaze_SPI/workspace/design_1_wrapper/hw/design_1_wrapper.xsa
TRACE::2026-05-04.19:11:42::SCWPlatform::DSA directory D:/JJM/260504_MicroBlaze_SPI/workspace/design_1_wrapper/hw
TRACE::2026-05-04.19:11:42::SCWPlatform:: Platform Path D:/JJM/260504_MicroBlaze_SPI/workspace/design_1_wrapper/hw/design_1_wrapper.xsa
TRACE::2026-05-04.19:11:42::SCWPlatform:: Unique name xilinx:basys3::0.0
TRACE::2026-05-04.19:11:42::SCWPlatform::Do not have an existing db opened. 
TRACE::2026-05-04.19:11:42::SCWPlatform::Opened new HwDB with name design_1_wrapper_0
TRACE::2026-05-04.19:11:42::SCWWriter::formatted JSON is {
	"platformName":	"design_1_wrapper",
	"sprVersion":	"2.0",
	"mode":	"gui",
	"dsaType":	"Fixed",
	"platformDesc":	"design_1_wrapper",
	"platHandOff":	"D:/JJM/260504_MicroBlaze_SPI/XSA/design_1_wrapper.xsa",
	"platIntHandOff":	"<platformDir>/hw/design_1_wrapper.xsa",
	"deviceType":	"FPGA",
	"platIsPrebuiltAutogen":	"false",
	"platIsNoBootBsp":	"false",
	"hasFsblMakeHasChanges":	"false",
	"hasPmufwMakeHasChanges":	"false",
	"platPreBuiltFlag":	false,
	"platformSamplesDir":	""
}
TRACE::2026-05-04.19:11:42::SCWWriter::formatted JSON is {
	"platformName":	"design_1_wrapper",
	"sprVersion":	"2.0",
	"mode":	"gui",
	"dsaType":	"Fixed",
	"platformDesc":	"design_1_wrapper",
	"platHandOff":	"D:/JJM/260504_MicroBlaze_SPI/XSA/design_1_wrapper.xsa",
	"platIntHandOff":	"<platformDir>/hw/design_1_wrapper.xsa",
	"deviceType":	"FPGA",
	"platIsPrebuiltAutogen":	"false",
	"platIsNoBootBsp":	"false",
	"hasFsblMakeHasChanges":	"false",
	"hasPmufwMakeHasChanges":	"false",
	"platPreBuiltFlag":	false,
	"platformSamplesDir":	"",
	"platActiveSys":	"design_1_wrapper",
	"systems":	[{
			"systemName":	"design_1_wrapper",
			"systemDesc":	"design_1_wrapper",
			"sysIsBootAutoGen":	"true",
			"systemDispName":	"design_1_wrapper"
		}]
}
TRACE::2026-05-04.19:11:42::SCWPlatform::Boot application domains not present, creating them
TRACE::2026-05-04.19:11:42::SCWPlatform::Pure FPGA device, no boot application will be created.
TRACE::2026-05-04.19:11:42::SCWWriter::formatted JSON is {
	"platformName":	"design_1_wrapper",
	"sprVersion":	"2.0",
	"mode":	"gui",
	"dsaType":	"Fixed",
	"platformDesc":	"design_1_wrapper",
	"platHandOff":	"D:/JJM/260504_MicroBlaze_SPI/XSA/design_1_wrapper.xsa",
	"platIntHandOff":	"<platformDir>/hw/design_1_wrapper.xsa",
	"deviceType":	"FPGA",
	"platIsPrebuiltAutogen":	"false",
	"platIsNoBootBsp":	"false",
	"hasFsblMakeHasChanges":	"false",
	"hasPmufwMakeHasChanges":	"false",
	"platPreBuiltFlag":	false,
	"platformSamplesDir":	"",
	"platActiveSys":	"design_1_wrapper",
	"systems":	[{
			"systemName":	"design_1_wrapper",
			"systemDesc":	"design_1_wrapper",
			"sysIsBootAutoGen":	"true",
			"systemDispName":	"design_1_wrapper"
		}]
}
TRACE::2026-05-04.19:11:42::SCWWriter::formatted JSON is {
	"platformName":	"design_1_wrapper",
	"sprVersion":	"2.0",
	"mode":	"gui",
	"dsaType":	"Fixed",
	"platformDesc":	"design_1_wrapper",
	"platHandOff":	"D:/JJM/260504_MicroBlaze_SPI/XSA/design_1_wrapper.xsa",
	"platIntHandOff":	"<platformDir>/hw/design_1_wrapper.xsa",
	"deviceType":	"FPGA",
	"platIsPrebuiltAutogen":	"false",
	"platIsNoBootBsp":	"false",
	"hasFsblMakeHasChanges":	"false",
	"hasPmufwMakeHasChanges":	"false",
	"platPreBuiltFlag":	false,
	"platformSamplesDir":	"",
	"platActiveSys":	"design_1_wrapper",
	"systems":	[{
			"systemName":	"design_1_wrapper",
			"systemDesc":	"design_1_wrapper",
			"sysIsBootAutoGen":	"true",
			"systemDispName":	"design_1_wrapper"
		}]
}
TRACE::2026-05-04.19:11:42::SCWPlatform::Trying to open the hw design at D:/JJM/260504_MicroBlaze_SPI/workspace/design_1_wrapper/hw/design_1_wrapper.xsa
TRACE::2026-05-04.19:11:42::SCWPlatform::DSA given D:/JJM/260504_MicroBlaze_SPI/workspace/design_1_wrapper/hw/design_1_wrapper.xsa
TRACE::2026-05-04.19:11:42::SCWPlatform::DSA absoulate path D:/JJM/260504_MicroBlaze_SPI/workspace/design_1_wrapper/hw/design_1_wrapper.xsa
TRACE::2026-05-04.19:11:42::SCWPlatform::DSA directory D:/JJM/260504_MicroBlaze_SPI/workspace/design_1_wrapper/hw
TRACE::2026-05-04.19:11:42::SCWPlatform:: Platform Path D:/JJM/260504_MicroBlaze_SPI/workspace/design_1_wrapper/hw/design_1_wrapper.xsa
TRACE::2026-05-04.19:11:42::SCWPlatform:: Unique name xilinx:basys3::0.0
TRACE::2026-05-04.19:11:42::SCWPlatform::Trying to set the existing hwdb with name design_1_wrapper_0
TRACE::2026-05-04.19:11:42::SCWPlatform::Opened existing hwdb design_1_wrapper_0
TRACE::2026-05-04.19:11:42::SCWPlatform::Found the Hw Db part of the input DSA
TRACE::2026-05-04.19:11:42::SCWDomain::checking for install qemu data   : 
TRACE::2026-05-04.19:11:42::SCWPlatform::Trying to open the hw design at D:/JJM/260504_MicroBlaze_SPI/workspace/design_1_wrapper/hw/design_1_wrapper.xsa
TRACE::2026-05-04.19:11:42::SCWPlatform::DSA given D:/JJM/260504_MicroBlaze_SPI/workspace/design_1_wrapper/hw/design_1_wrapper.xsa
TRACE::2026-05-04.19:11:42::SCWPlatform::DSA absoulate path D:/JJM/260504_MicroBlaze_SPI/workspace/design_1_wrapper/hw/design_1_wrapper.xsa
TRACE::2026-05-04.19:11:42::SCWPlatform::DSA directory D:/JJM/260504_MicroBlaze_SPI/workspace/design_1_wrapper/hw
TRACE::2026-05-04.19:11:42::SCWPlatform:: Platform Path D:/JJM/260504_MicroBlaze_SPI/workspace/design_1_wrapper/hw/design_1_wrapper.xsa
TRACE::2026-05-04.19:11:42::SCWPlatform:: Unique name xilinx:basys3::0.0
TRACE::2026-05-04.19:11:42::SCWPlatform::Trying to set the existing hwdb with name design_1_wrapper_0
TRACE::2026-05-04.19:11:42::SCWPlatform::Opened existing hwdb design_1_wrapper_0
TRACE::2026-05-04.19:11:42::SCWPlatform::Found the Hw Db part of the input DSA
TRACE::2026-05-04.19:11:42::SCWPlatform::Trying to open the hw design at D:/JJM/260504_MicroBlaze_SPI/workspace/design_1_wrapper/hw/design_1_wrapper.xsa
TRACE::2026-05-04.19:11:42::SCWPlatform::DSA given D:/JJM/260504_MicroBlaze_SPI/workspace/design_1_wrapper/hw/design_1_wrapper.xsa
TRACE::2026-05-04.19:11:42::SCWPlatform::DSA absoulate path D:/JJM/260504_MicroBlaze_SPI/workspace/design_1_wrapper/hw/design_1_wrapper.xsa
TRACE::2026-05-04.19:11:42::SCWPlatform::DSA directory D:/JJM/260504_MicroBlaze_SPI/workspace/design_1_wrapper/hw
TRACE::2026-05-04.19:11:42::SCWPlatform:: Platform Path D:/JJM/260504_MicroBlaze_SPI/workspace/design_1_wrapper/hw/design_1_wrapper.xsa
TRACE::2026-05-04.19:11:42::SCWPlatform:: Unique name xilinx:basys3::0.0
TRACE::2026-05-04.19:11:42::SCWPlatform::Trying to set the existing hwdb with name design_1_wrapper_0
TRACE::2026-05-04.19:11:42::SCWPlatform::Opened existing hwdb design_1_wrapper_0
TRACE::2026-05-04.19:11:42::SCWPlatform::Found the Hw Db part of the input DSA
TRACE::2026-05-04.19:11:42::SCWPlatform::Trying to open the hw design at D:/JJM/260504_MicroBlaze_SPI/workspace/design_1_wrapper/hw/design_1_wrapper.xsa
TRACE::2026-05-04.19:11:42::SCWPlatform::DSA given D:/JJM/260504_MicroBlaze_SPI/workspace/design_1_wrapper/hw/design_1_wrapper.xsa
TRACE::2026-05-04.19:11:42::SCWPlatform::DSA absoulate path D:/JJM/260504_MicroBlaze_SPI/workspace/design_1_wrapper/hw/design_1_wrapper.xsa
TRACE::2026-05-04.19:11:42::SCWPlatform::DSA directory D:/JJM/260504_MicroBlaze_SPI/workspace/design_1_wrapper/hw
TRACE::2026-05-04.19:11:42::SCWPlatform:: Platform Path D:/JJM/260504_MicroBlaze_SPI/workspace/design_1_wrapper/hw/design_1_wrapper.xsa
TRACE::2026-05-04.19:11:42::SCWPlatform:: Unique name xilinx:basys3::0.0
TRACE::2026-05-04.19:11:42::SCWPlatform::Trying to set the existing hwdb with name design_1_wrapper_0
TRACE::2026-05-04.19:11:42::SCWPlatform::Opened existing hwdb design_1_wrapper_0
TRACE::2026-05-04.19:11:42::SCWPlatform::Found the Hw Db part of the input DSA
TRACE::2026-05-04.19:11:42::SCWMssOS::Checking the sw design at  D:/JJM/260504_MicroBlaze_SPI/workspace/design_1_wrapper/microblaze_0/standalone_microblaze_0/bsp/system.mss
TRACE::2026-05-04.19:11:42::SCWMssOS::DEBUG:  swdes dump  
TRACE::2026-05-04.19:11:42::SCWMssOS::No sw design opened at  D:/JJM/260504_MicroBlaze_SPI/workspace/design_1_wrapper/microblaze_0/standalone_microblaze_0/bsp/system.mss
TRACE::2026-05-04.19:11:42::SCWMssOS::mss does not exists at D:/JJM/260504_MicroBlaze_SPI/workspace/design_1_wrapper/microblaze_0/standalone_microblaze_0/bsp/system.mss
TRACE::2026-05-04.19:11:42::SCWMssOS::Creating sw design at  D:/JJM/260504_MicroBlaze_SPI/workspace/design_1_wrapper/microblaze_0/standalone_microblaze_0/bsp/system.mss
TRACE::2026-05-04.19:11:42::SCWMssOS::Adding the swdes entry, created swdb D:/JJM/260504_MicroBlaze_SPI/workspace/design_1_wrapper/microblaze_0/standalone_microblaze_0/bsp/system.mss with des name D:/JJM/260504_MicroBlaze_SPI/workspace/design_1_wrapper/microblaze_0/standalone_microblaze_0/bsp/system.mss
TRACE::2026-05-04.19:11:42::SCWMssOS::updating the scw layer changes to swdes at   D:/JJM/260504_MicroBlaze_SPI/workspace/design_1_wrapper/microblaze_0/standalone_microblaze_0/bsp/system.mss
TRACE::2026-05-04.19:11:42::SCWMssOS::Writing mss at D:/JJM/260504_MicroBlaze_SPI/workspace/design_1_wrapper/microblaze_0/standalone_microblaze_0/bsp/system.mss
TRACE::2026-05-04.19:11:42::SCWMssOS::Completed writing the mss file at D:/JJM/260504_MicroBlaze_SPI/workspace/design_1_wrapper/microblaze_0/standalone_microblaze_0/bsp
TRACE::2026-05-04.19:11:42::SCWMssOS::Picking up changes from newly written mss file into SCW Layer. 
TRACE::2026-05-04.19:11:42::SCWMssOS::Updated the changes from newly written mss file into SCW Layer. 
TRACE::2026-05-04.19:11:42::SCWMssOS::Completed writing the mss file at D:/JJM/260504_MicroBlaze_SPI/workspace/design_1_wrapper/microblaze_0/standalone_microblaze_0/bsp
TRACE::2026-05-04.19:11:42::SCWMssOS::Forcing BSP Sources regeneration.
TRACE::2026-05-04.19:11:44::SCWMssOS::Saving the mss changes D:/JJM/260504_MicroBlaze_SPI/workspace/design_1_wrapper/microblaze_0/standalone_microblaze_0/bsp/system.mss
TRACE::2026-05-04.19:11:44::SCWMssOS::Found a swdesign opened with the mssfile.
TRACE::2026-05-04.19:11:44::SCWMssOS::Running validate of swdbs.
KEYINFO::2026-05-04.19:11:44::SCWMssOS::Could not open the swdb for D:/JJM/260504_MicroBlaze_SPI/workspace/design_1_wrapper/microblaze_0/standalone_microblaze_0/bsp/system.mss
KEYINFO::2026-05-04.19:11:44::SCWMssOS::Could not open the sw design at  D:/JJM/260504_MicroBlaze_SPI/workspace/design_1_wrapper/microblaze_0/standalone_microblaze_0/bsp/system.mss
ERROR: [Hsi 55-1558] Software Design D:/JJM/260504_MicroBlaze_SPI/workspace/design_1_wrapper/microblaze_0/standalone_microblaze_0/bsp/system.mss is not found

TRACE::2026-05-04.19:11:44::SCWMssOS::Cleared the swdb table entry
TRACE::2026-05-04.19:11:44::SCWMssOS::Adding the swdes entry, mss present, able to open swdb D:/JJM/260504_MicroBlaze_SPI/workspace/design_1_wrapper/microblaze_0/standalone_microblaze_0/bsp/system.mss with des name system
TRACE::2026-05-04.19:11:44::SCWMssOS::Writing the mss file completed D:/JJM/260504_MicroBlaze_SPI/workspace/design_1_wrapper/microblaze_0/standalone_microblaze_0/bsp/system.mss
TRACE::2026-05-04.19:11:44::SCWMssOS::Commit changes completed.
TRACE::2026-05-04.19:11:44::SCWPlatform::Trying to open the hw design at D:/JJM/260504_MicroBlaze_SPI/workspace/design_1_wrapper/hw/design_1_wrapper.xsa
TRACE::2026-05-04.19:11:44::SCWPlatform::DSA given D:/JJM/260504_MicroBlaze_SPI/workspace/design_1_wrapper/hw/design_1_wrapper.xsa
TRACE::2026-05-04.19:11:44::SCWPlatform::DSA absoulate path D:/JJM/260504_MicroBlaze_SPI/workspace/design_1_wrapper/hw/design_1_wrapper.xsa
TRACE::2026-05-04.19:11:44::SCWPlatform::DSA directory D:/JJM/260504_MicroBlaze_SPI/workspace/design_1_wrapper/hw
TRACE::2026-05-04.19:11:44::SCWPlatform:: Platform Path D:/JJM/260504_MicroBlaze_SPI/workspace/design_1_wrapper/hw/design_1_wrapper.xsa
TRACE::2026-05-04.19:11:44::SCWPlatform:: Unique name xilinx:basys3::0.0
TRACE::2026-05-04.19:11:44::SCWPlatform::Trying to set the existing hwdb with name design_1_wrapper_0
TRACE::2026-05-04.19:11:44::SCWPlatform::Opened existing hwdb design_1_wrapper_0
TRACE::2026-05-04.19:11:44::SCWPlatform::Found the Hw Db part of the input DSA
TRACE::2026-05-04.19:11:44::SCWMssOS::Checking the sw design at  D:/JJM/260504_MicroBlaze_SPI/workspace/design_1_wrapper/microblaze_0/standalone_microblaze_0/bsp/system.mss
TRACE::2026-05-04.19:11:44::SCWMssOS::DEBUG:  swdes dump  D:/JJM/260504_MicroBlaze_SPI/workspace/design_1_wrapper/microblaze_0/standalone_microblaze_0/bsp/system.mss|system||

TRACE::2026-05-04.19:11:44::SCWMssOS::Sw design exists and opened at  D:/JJM/260504_MicroBlaze_SPI/workspace/design_1_wrapper/microblaze_0/standalone_microblaze_0/bsp/system.mss
TRACE::2026-05-04.19:11:44::SCWPlatform::Trying to open the hw design at D:/JJM/260504_MicroBlaze_SPI/workspace/design_1_wrapper/hw/design_1_wrapper.xsa
TRACE::2026-05-04.19:11:44::SCWPlatform::DSA given D:/JJM/260504_MicroBlaze_SPI/workspace/design_1_wrapper/hw/design_1_wrapper.xsa
TRACE::2026-05-04.19:11:44::SCWPlatform::DSA absoulate path D:/JJM/260504_MicroBlaze_SPI/workspace/design_1_wrapper/hw/design_1_wrapper.xsa
TRACE::2026-05-04.19:11:44::SCWPlatform::DSA directory D:/JJM/260504_MicroBlaze_SPI/workspace/design_1_wrapper/hw
TRACE::2026-05-04.19:11:44::SCWPlatform:: Platform Path D:/JJM/260504_MicroBlaze_SPI/workspace/design_1_wrapper/hw/design_1_wrapper.xsa
TRACE::2026-05-04.19:11:44::SCWPlatform:: Unique name xilinx:basys3::0.0
TRACE::2026-05-04.19:11:44::SCWPlatform::Trying to set the existing hwdb with name design_1_wrapper_0
TRACE::2026-05-04.19:11:44::SCWPlatform::Opened existing hwdb design_1_wrapper_0
TRACE::2026-05-04.19:11:44::SCWPlatform::Found the Hw Db part of the input DSA
TRACE::2026-05-04.19:11:44::SCWMssOS::Checking the sw design at  D:/JJM/260504_MicroBlaze_SPI/workspace/design_1_wrapper/microblaze_0/standalone_microblaze_0/bsp/system.mss
TRACE::2026-05-04.19:11:44::SCWMssOS::DEBUG:  swdes dump  D:/JJM/260504_MicroBlaze_SPI/workspace/design_1_wrapper/microblaze_0/standalone_microblaze_0/bsp/system.mss|system||

TRACE::2026-05-04.19:11:44::SCWMssOS::Sw design exists and opened at  D:/JJM/260504_MicroBlaze_SPI/workspace/design_1_wrapper/microblaze_0/standalone_microblaze_0/bsp/system.mss
TRACE::2026-05-04.19:11:44::SCWPlatform::Trying to open the hw design at D:/JJM/260504_MicroBlaze_SPI/workspace/design_1_wrapper/hw/design_1_wrapper.xsa
TRACE::2026-05-04.19:11:44::SCWPlatform::DSA given D:/JJM/260504_MicroBlaze_SPI/workspace/design_1_wrapper/hw/design_1_wrapper.xsa
TRACE::2026-05-04.19:11:44::SCWPlatform::DSA absoulate path D:/JJM/260504_MicroBlaze_SPI/workspace/design_1_wrapper/hw/design_1_wrapper.xsa
TRACE::2026-05-04.19:11:44::SCWPlatform::DSA directory D:/JJM/260504_MicroBlaze_SPI/workspace/design_1_wrapper/hw
TRACE::2026-05-04.19:11:44::SCWPlatform:: Platform Path D:/JJM/260504_MicroBlaze_SPI/workspace/design_1_wrapper/hw/design_1_wrapper.xsa
TRACE::2026-05-04.19:11:44::SCWPlatform:: Unique name xilinx:basys3::0.0
TRACE::2026-05-04.19:11:44::SCWPlatform::Trying to set the existing hwdb with name design_1_wrapper_0
TRACE::2026-05-04.19:11:44::SCWPlatform::Opened existing hwdb design_1_wrapper_0
TRACE::2026-05-04.19:11:44::SCWPlatform::Found the Hw Db part of the input DSA
TRACE::2026-05-04.19:11:44::SCWMssOS::Checking the sw design at  D:/JJM/260504_MicroBlaze_SPI/workspace/design_1_wrapper/microblaze_0/standalone_microblaze_0/bsp/system.mss
TRACE::2026-05-04.19:11:44::SCWMssOS::DEBUG:  swdes dump  D:/JJM/260504_MicroBlaze_SPI/workspace/design_1_wrapper/microblaze_0/standalone_microblaze_0/bsp/system.mss|system||

TRACE::2026-05-04.19:11:44::SCWMssOS::Sw design exists and opened at  D:/JJM/260504_MicroBlaze_SPI/workspace/design_1_wrapper/microblaze_0/standalone_microblaze_0/bsp/system.mss
TRACE::2026-05-04.19:11:44::SCWWriter::formatted JSON is {
	"platformName":	"design_1_wrapper",
	"sprVersion":	"2.0",
	"mode":	"gui",
	"dsaType":	"Fixed",
	"platformDesc":	"design_1_wrapper",
	"platHandOff":	"D:/JJM/260504_MicroBlaze_SPI/XSA/design_1_wrapper.xsa",
	"platIntHandOff":	"<platformDir>/hw/design_1_wrapper.xsa",
	"deviceType":	"FPGA",
	"platIsPrebuiltAutogen":	"false",
	"platIsNoBootBsp":	"false",
	"hasFsblMakeHasChanges":	"false",
	"hasPmufwMakeHasChanges":	"false",
	"platPreBuiltFlag":	false,
	"platformSamplesDir":	"",
	"platActiveSys":	"design_1_wrapper",
	"systems":	[{
			"systemName":	"design_1_wrapper",
			"systemDesc":	"design_1_wrapper",
			"sysIsBootAutoGen":	"true",
			"systemDispName":	"design_1_wrapper",
			"sysActiveDom":	"standalone_microblaze_0",
			"sysDefaultDom":	"standalone_microblaze_0",
			"domains":	[{
					"domainName":	"standalone_microblaze_0",
					"domainDispName":	"standalone_microblaze_0",
					"domainDesc":	"standalone_microblaze_0",
					"processors":	"microblaze_0",
					"os":	"standalone",
					"sdxOs":	"standalone",
					"debugEnable":	"False",
					"domRuntimes":	["cpp"],
					"swRepo":	"",
					"mssOsVer":	"7.3",
					"mssFile":	"",
					"md5Digest":	"85f77e7db2e9bf635a88fb5105542194",
					"compatibleApp":	"empty_application",
					"domType":	"mssDomain",
					"arch":	"32-bit",
					"appSettings":	{
						"appCompilerFlags":	"",
						"appLinkerFlags":	""
					},
					"addedLibs":	[],
					"libOptions":	{
						"libsContainingOptions":	[]
					},
					"prebuiltLibs":	{
						"prebuiltIncPath":	[],
						"prebuiltLibPath":	[]
					},
					"isolation":	{
					}
				}]
		}]
}
LOG::2026-05-04.19:11:44::SCWPlatform::Started generating the artifacts platform design_1_wrapper
TRACE::2026-05-04.19:11:44::SCWPlatform::Sanity checking of platform is completed
LOG::2026-05-04.19:11:44::SCWPlatform::Started generating the artifacts for system configuration design_1_wrapper
LOG::2026-05-04.19:11:44::SCWSystem::Checking the domain standalone_microblaze_0
LOG::2026-05-04.19:11:44::SCWSystem::Not a boot domain 
LOG::2026-05-04.19:11:44::SCWSystem::Started Processing the domain standalone_microblaze_0
TRACE::2026-05-04.19:11:44::SCWDomain::Generating domain artifcats
TRACE::2026-05-04.19:11:44::SCWMssOS::Generating standalone artifcats
TRACE::2026-05-04.19:11:44::SCWMssOS:: Copying the user libraries. 
TRACE::2026-05-04.19:11:44::SCWPlatform::Trying to open the hw design at D:/JJM/260504_MicroBlaze_SPI/workspace/design_1_wrapper/hw/design_1_wrapper.xsa
TRACE::2026-05-04.19:11:44::SCWPlatform::DSA given D:/JJM/260504_MicroBlaze_SPI/workspace/design_1_wrapper/hw/design_1_wrapper.xsa
TRACE::2026-05-04.19:11:44::SCWPlatform::DSA absoulate path D:/JJM/260504_MicroBlaze_SPI/workspace/design_1_wrapper/hw/design_1_wrapper.xsa
TRACE::2026-05-04.19:11:44::SCWPlatform::DSA directory D:/JJM/260504_MicroBlaze_SPI/workspace/design_1_wrapper/hw
TRACE::2026-05-04.19:11:44::SCWPlatform:: Platform Path D:/JJM/260504_MicroBlaze_SPI/workspace/design_1_wrapper/hw/design_1_wrapper.xsa
TRACE::2026-05-04.19:11:44::SCWPlatform:: Unique name xilinx:basys3::0.0
TRACE::2026-05-04.19:11:44::SCWPlatform::Trying to set the existing hwdb with name design_1_wrapper_0
TRACE::2026-05-04.19:11:44::SCWPlatform::Opened existing hwdb design_1_wrapper_0
TRACE::2026-05-04.19:11:44::SCWPlatform::Found the Hw Db part of the input DSA
TRACE::2026-05-04.19:11:44::SCWMssOS::Checking the sw design at  D:/JJM/260504_MicroBlaze_SPI/workspace/design_1_wrapper/microblaze_0/standalone_microblaze_0/bsp/system.mss
TRACE::2026-05-04.19:11:44::SCWMssOS::DEBUG:  swdes dump  D:/JJM/260504_MicroBlaze_SPI/workspace/design_1_wrapper/microblaze_0/standalone_microblaze_0/bsp/system.mss|system||

TRACE::2026-05-04.19:11:44::SCWMssOS::Sw design exists and opened at  D:/JJM/260504_MicroBlaze_SPI/workspace/design_1_wrapper/microblaze_0/standalone_microblaze_0/bsp/system.mss
TRACE::2026-05-04.19:11:44::SCWMssOS::Completed writing the mss file at D:/JJM/260504_MicroBlaze_SPI/workspace/design_1_wrapper/microblaze_0/standalone_microblaze_0/bsp
TRACE::2026-05-04.19:11:44::SCWMssOS::Mss edits present, copying mssfile into export location D:/JJM/260504_MicroBlaze_SPI/workspace/design_1_wrapper/microblaze_0/standalone_microblaze_0/bsp/system.mss
TRACE::2026-05-04.19:11:44::SCWMssOS::bsp generated is upto date with the mss file. Skipping bsp generation.
TRACE::2026-05-04.19:11:44::SCWMssOS::BSP is already built. skipping the bsp build ... 
TRACE::2026-05-04.19:11:44::SCWDomain::Skipping the build for domain :  standalone_microblaze_0
TRACE::2026-05-04.19:11:44::SCWMssOS::skipping the bsp build ... 
TRACE::2026-05-04.19:11:44::SCWMssOS::Copying to export directory.
TRACE::2026-05-04.19:11:44::SCWMssOS:: Checking if to create the Supporting Applications
TRACE::2026-05-04.19:11:44::SCWMssOS:: No Linux domain exists, trying to generate FSBL 
LOG::2026-05-04.19:11:44::SCWSystem::Completed Processing the domain standalone_microblaze_0
LOG::2026-05-04.19:11:44::SCWSystem::Completed Processing the sysconfig design_1_wrapper
LOG::2026-05-04.19:11:44::SCWPlatform::Completed generating the artifacts for system configuration design_1_wrapper
TRACE::2026-05-04.19:11:44::SCWPlatform::Started preparing the platform 
TRACE::2026-05-04.19:11:44::SCWSystem::Writing the bif file for system config design_1_wrapper
TRACE::2026-05-04.19:11:44::SCWSystem::dir created 
TRACE::2026-05-04.19:11:44::SCWSystem::Writing the bif 
TRACE::2026-05-04.19:11:44::SCWPlatform::Started writing the spfm file 
TRACE::2026-05-04.19:11:44::SCWPlatform::Started writing the xpfm file 
TRACE::2026-05-04.19:11:44::SCWPlatform::Completed generating the platform
TRACE::2026-05-04.19:11:44::SCWMssOS::Saving the mss changes D:/JJM/260504_MicroBlaze_SPI/workspace/design_1_wrapper/microblaze_0/standalone_microblaze_0/bsp/system.mss
TRACE::2026-05-04.19:11:44::SCWMssOS::Found a swdesign opened with the mssfile.
TRACE::2026-05-04.19:11:44::SCWMssOS::Completed writemss as part of save.
TRACE::2026-05-04.19:11:44::SCWMssOS::Commit changes completed.
TRACE::2026-05-04.19:11:44::SCWPlatform::Trying to open the hw design at D:/JJM/260504_MicroBlaze_SPI/workspace/design_1_wrapper/hw/design_1_wrapper.xsa
TRACE::2026-05-04.19:11:44::SCWPlatform::DSA given D:/JJM/260504_MicroBlaze_SPI/workspace/design_1_wrapper/hw/design_1_wrapper.xsa
TRACE::2026-05-04.19:11:44::SCWPlatform::DSA absoulate path D:/JJM/260504_MicroBlaze_SPI/workspace/design_1_wrapper/hw/design_1_wrapper.xsa
TRACE::2026-05-04.19:11:44::SCWPlatform::DSA directory D:/JJM/260504_MicroBlaze_SPI/workspace/design_1_wrapper/hw
TRACE::2026-05-04.19:11:44::SCWPlatform:: Platform Path D:/JJM/260504_MicroBlaze_SPI/workspace/design_1_wrapper/hw/design_1_wrapper.xsa
TRACE::2026-05-04.19:11:44::SCWPlatform:: Unique name xilinx:basys3::0.0
TRACE::2026-05-04.19:11:44::SCWPlatform::Trying to set the existing hwdb with name design_1_wrapper_0
TRACE::2026-05-04.19:11:44::SCWPlatform::Opened existing hwdb design_1_wrapper_0
TRACE::2026-05-04.19:11:44::SCWPlatform::Found the Hw Db part of the input DSA
TRACE::2026-05-04.19:11:44::SCWMssOS::Checking the sw design at  D:/JJM/260504_MicroBlaze_SPI/workspace/design_1_wrapper/microblaze_0/standalone_microblaze_0/bsp/system.mss
TRACE::2026-05-04.19:11:44::SCWMssOS::DEBUG:  swdes dump  D:/JJM/260504_MicroBlaze_SPI/workspace/design_1_wrapper/microblaze_0/standalone_microblaze_0/bsp/system.mss|system||

TRACE::2026-05-04.19:11:44::SCWMssOS::Sw design exists and opened at  D:/JJM/260504_MicroBlaze_SPI/workspace/design_1_wrapper/microblaze_0/standalone_microblaze_0/bsp/system.mss
TRACE::2026-05-04.19:11:44::SCWPlatform::Trying to open the hw design at D:/JJM/260504_MicroBlaze_SPI/workspace/design_1_wrapper/hw/design_1_wrapper.xsa
TRACE::2026-05-04.19:11:44::SCWPlatform::DSA given D:/JJM/260504_MicroBlaze_SPI/workspace/design_1_wrapper/hw/design_1_wrapper.xsa
TRACE::2026-05-04.19:11:44::SCWPlatform::DSA absoulate path D:/JJM/260504_MicroBlaze_SPI/workspace/design_1_wrapper/hw/design_1_wrapper.xsa
TRACE::2026-05-04.19:11:44::SCWPlatform::DSA directory D:/JJM/260504_MicroBlaze_SPI/workspace/design_1_wrapper/hw
TRACE::2026-05-04.19:11:44::SCWPlatform:: Platform Path D:/JJM/260504_MicroBlaze_SPI/workspace/design_1_wrapper/hw/design_1_wrapper.xsa
TRACE::2026-05-04.19:11:44::SCWPlatform:: Unique name xilinx:basys3::0.0
TRACE::2026-05-04.19:11:44::SCWPlatform::Trying to set the existing hwdb with name design_1_wrapper_0
TRACE::2026-05-04.19:11:44::SCWPlatform::Opened existing hwdb design_1_wrapper_0
TRACE::2026-05-04.19:11:44::SCWPlatform::Found the Hw Db part of the input DSA
TRACE::2026-05-04.19:11:44::SCWMssOS::Checking the sw design at  D:/JJM/260504_MicroBlaze_SPI/workspace/design_1_wrapper/microblaze_0/standalone_microblaze_0/bsp/system.mss
TRACE::2026-05-04.19:11:44::SCWMssOS::DEBUG:  swdes dump  D:/JJM/260504_MicroBlaze_SPI/workspace/design_1_wrapper/microblaze_0/standalone_microblaze_0/bsp/system.mss|system||

TRACE::2026-05-04.19:11:44::SCWMssOS::Sw design exists and opened at  D:/JJM/260504_MicroBlaze_SPI/workspace/design_1_wrapper/microblaze_0/standalone_microblaze_0/bsp/system.mss
TRACE::2026-05-04.19:11:44::SCWPlatform::Trying to open the hw design at D:/JJM/260504_MicroBlaze_SPI/workspace/design_1_wrapper/hw/design_1_wrapper.xsa
TRACE::2026-05-04.19:11:44::SCWPlatform::DSA given D:/JJM/260504_MicroBlaze_SPI/workspace/design_1_wrapper/hw/design_1_wrapper.xsa
TRACE::2026-05-04.19:11:44::SCWPlatform::DSA absoulate path D:/JJM/260504_MicroBlaze_SPI/workspace/design_1_wrapper/hw/design_1_wrapper.xsa
TRACE::2026-05-04.19:11:44::SCWPlatform::DSA directory D:/JJM/260504_MicroBlaze_SPI/workspace/design_1_wrapper/hw
TRACE::2026-05-04.19:11:44::SCWPlatform:: Platform Path D:/JJM/260504_MicroBlaze_SPI/workspace/design_1_wrapper/hw/design_1_wrapper.xsa
TRACE::2026-05-04.19:11:44::SCWPlatform:: Unique name xilinx:basys3::0.0
TRACE::2026-05-04.19:11:44::SCWPlatform::Trying to set the existing hwdb with name design_1_wrapper_0
TRACE::2026-05-04.19:11:44::SCWPlatform::Opened existing hwdb design_1_wrapper_0
TRACE::2026-05-04.19:11:44::SCWPlatform::Found the Hw Db part of the input DSA
TRACE::2026-05-04.19:11:44::SCWMssOS::Checking the sw design at  D:/JJM/260504_MicroBlaze_SPI/workspace/design_1_wrapper/microblaze_0/standalone_microblaze_0/bsp/system.mss
TRACE::2026-05-04.19:11:44::SCWMssOS::DEBUG:  swdes dump  D:/JJM/260504_MicroBlaze_SPI/workspace/design_1_wrapper/microblaze_0/standalone_microblaze_0/bsp/system.mss|system||

TRACE::2026-05-04.19:11:44::SCWMssOS::Sw design exists and opened at  D:/JJM/260504_MicroBlaze_SPI/workspace/design_1_wrapper/microblaze_0/standalone_microblaze_0/bsp/system.mss
TRACE::2026-05-04.19:11:44::SCWWriter::formatted JSON is {
	"platformName":	"design_1_wrapper",
	"sprVersion":	"2.0",
	"mode":	"gui",
	"dsaType":	"Fixed",
	"platformDesc":	"design_1_wrapper",
	"platHandOff":	"D:/JJM/260504_MicroBlaze_SPI/XSA/design_1_wrapper.xsa",
	"platIntHandOff":	"<platformDir>/hw/design_1_wrapper.xsa",
	"deviceType":	"FPGA",
	"platIsPrebuiltAutogen":	"false",
	"platIsNoBootBsp":	"false",
	"hasFsblMakeHasChanges":	"false",
	"hasPmufwMakeHasChanges":	"false",
	"platPreBuiltFlag":	false,
	"platformSamplesDir":	"",
	"platActiveSys":	"design_1_wrapper",
	"systems":	[{
			"systemName":	"design_1_wrapper",
			"systemDesc":	"design_1_wrapper",
			"sysIsBootAutoGen":	"true",
			"systemDispName":	"design_1_wrapper",
			"sysActiveDom":	"standalone_microblaze_0",
			"sysDefaultDom":	"standalone_microblaze_0",
			"domains":	[{
					"domainName":	"standalone_microblaze_0",
					"domainDispName":	"standalone_microblaze_0",
					"domainDesc":	"standalone_microblaze_0",
					"processors":	"microblaze_0",
					"os":	"standalone",
					"sdxOs":	"standalone",
					"debugEnable":	"False",
					"domRuntimes":	["cpp"],
					"swRepo":	"",
					"mssOsVer":	"7.3",
					"mssFile":	"",
					"md5Digest":	"85f77e7db2e9bf635a88fb5105542194",
					"compatibleApp":	"empty_application",
					"domType":	"mssDomain",
					"arch":	"32-bit",
					"appSettings":	{
						"appCompilerFlags":	"",
						"appLinkerFlags":	""
					},
					"addedLibs":	[],
					"libOptions":	{
						"libsContainingOptions":	[]
					},
					"prebuiltLibs":	{
						"prebuiltIncPath":	[],
						"prebuiltLibPath":	[]
					},
					"isolation":	{
					}
				}]
		}]
}
KEYINFO::2026-05-04.19:11:44::SCWPlatform::updated the xpfm file.
TRACE::2026-05-04.19:11:44::SCWPlatform::Trying to open the hw design at D:/JJM/260504_MicroBlaze_SPI/workspace/design_1_wrapper/hw/design_1_wrapper.xsa
TRACE::2026-05-04.19:11:44::SCWPlatform::DSA given D:/JJM/260504_MicroBlaze_SPI/workspace/design_1_wrapper/hw/design_1_wrapper.xsa
TRACE::2026-05-04.19:11:44::SCWPlatform::DSA absoulate path D:/JJM/260504_MicroBlaze_SPI/workspace/design_1_wrapper/hw/design_1_wrapper.xsa
TRACE::2026-05-04.19:11:44::SCWPlatform::DSA directory D:/JJM/260504_MicroBlaze_SPI/workspace/design_1_wrapper/hw
TRACE::2026-05-04.19:11:44::SCWPlatform:: Platform Path D:/JJM/260504_MicroBlaze_SPI/workspace/design_1_wrapper/hw/design_1_wrapper.xsa
TRACE::2026-05-04.19:11:44::SCWPlatform:: Unique name xilinx:basys3::0.0
TRACE::2026-05-04.19:11:44::SCWPlatform::Trying to set the existing hwdb with name design_1_wrapper_0
TRACE::2026-05-04.19:11:44::SCWPlatform::Opened existing hwdb design_1_wrapper_0
TRACE::2026-05-04.19:11:44::SCWPlatform::Found the Hw Db part of the input DSA
TRACE::2026-05-04.19:11:44::SCWMssOS::Checking the sw design at  D:/JJM/260504_MicroBlaze_SPI/workspace/design_1_wrapper/microblaze_0/standalone_microblaze_0/bsp/system.mss
TRACE::2026-05-04.19:11:44::SCWMssOS::DEBUG:  swdes dump  D:/JJM/260504_MicroBlaze_SPI/workspace/design_1_wrapper/microblaze_0/standalone_microblaze_0/bsp/system.mss|system||

TRACE::2026-05-04.19:11:44::SCWMssOS::Sw design exists and opened at  D:/JJM/260504_MicroBlaze_SPI/workspace/design_1_wrapper/microblaze_0/standalone_microblaze_0/bsp/system.mss
TRACE::2026-05-04.19:11:44::SCWMssOS::Saving the mss changes D:/JJM/260504_MicroBlaze_SPI/workspace/design_1_wrapper/microblaze_0/standalone_microblaze_0/bsp/system.mss
TRACE::2026-05-04.19:11:44::SCWMssOS::Found a swdesign opened with the mssfile.
TRACE::2026-05-04.19:11:44::SCWMssOS::Completed writemss as part of save.
TRACE::2026-05-04.19:11:44::SCWMssOS::Commit changes completed.
TRACE::2026-05-04.19:11:44::SCWPlatform::Trying to open the hw design at D:/JJM/260504_MicroBlaze_SPI/workspace/design_1_wrapper/hw/design_1_wrapper.xsa
TRACE::2026-05-04.19:11:44::SCWPlatform::DSA given D:/JJM/260504_MicroBlaze_SPI/workspace/design_1_wrapper/hw/design_1_wrapper.xsa
TRACE::2026-05-04.19:11:44::SCWPlatform::DSA absoulate path D:/JJM/260504_MicroBlaze_SPI/workspace/design_1_wrapper/hw/design_1_wrapper.xsa
TRACE::2026-05-04.19:11:44::SCWPlatform::DSA directory D:/JJM/260504_MicroBlaze_SPI/workspace/design_1_wrapper/hw
TRACE::2026-05-04.19:11:44::SCWPlatform:: Platform Path D:/JJM/260504_MicroBlaze_SPI/workspace/design_1_wrapper/hw/design_1_wrapper.xsa
TRACE::2026-05-04.19:11:44::SCWPlatform:: Unique name xilinx:basys3::0.0
TRACE::2026-05-04.19:11:44::SCWPlatform::Trying to set the existing hwdb with name design_1_wrapper_0
TRACE::2026-05-04.19:11:44::SCWPlatform::Opened existing hwdb design_1_wrapper_0
TRACE::2026-05-04.19:11:44::SCWPlatform::Found the Hw Db part of the input DSA
TRACE::2026-05-04.19:11:44::SCWMssOS::Checking the sw design at  D:/JJM/260504_MicroBlaze_SPI/workspace/design_1_wrapper/microblaze_0/standalone_microblaze_0/bsp/system.mss
TRACE::2026-05-04.19:11:44::SCWMssOS::DEBUG:  swdes dump  D:/JJM/260504_MicroBlaze_SPI/workspace/design_1_wrapper/microblaze_0/standalone_microblaze_0/bsp/system.mss|system||

TRACE::2026-05-04.19:11:44::SCWMssOS::Sw design exists and opened at  D:/JJM/260504_MicroBlaze_SPI/workspace/design_1_wrapper/microblaze_0/standalone_microblaze_0/bsp/system.mss
TRACE::2026-05-04.19:11:44::SCWPlatform::Trying to open the hw design at D:/JJM/260504_MicroBlaze_SPI/workspace/design_1_wrapper/hw/design_1_wrapper.xsa
TRACE::2026-05-04.19:11:44::SCWPlatform::DSA given D:/JJM/260504_MicroBlaze_SPI/workspace/design_1_wrapper/hw/design_1_wrapper.xsa
TRACE::2026-05-04.19:11:44::SCWPlatform::DSA absoulate path D:/JJM/260504_MicroBlaze_SPI/workspace/design_1_wrapper/hw/design_1_wrapper.xsa
TRACE::2026-05-04.19:11:44::SCWPlatform::DSA directory D:/JJM/260504_MicroBlaze_SPI/workspace/design_1_wrapper/hw
TRACE::2026-05-04.19:11:44::SCWPlatform:: Platform Path D:/JJM/260504_MicroBlaze_SPI/workspace/design_1_wrapper/hw/design_1_wrapper.xsa
TRACE::2026-05-04.19:11:44::SCWPlatform:: Unique name xilinx:basys3::0.0
TRACE::2026-05-04.19:11:44::SCWPlatform::Trying to set the existing hwdb with name design_1_wrapper_0
TRACE::2026-05-04.19:11:44::SCWPlatform::Opened existing hwdb design_1_wrapper_0
TRACE::2026-05-04.19:11:44::SCWPlatform::Found the Hw Db part of the input DSA
TRACE::2026-05-04.19:11:44::SCWMssOS::Checking the sw design at  D:/JJM/260504_MicroBlaze_SPI/workspace/design_1_wrapper/microblaze_0/standalone_microblaze_0/bsp/system.mss
TRACE::2026-05-04.19:11:44::SCWMssOS::DEBUG:  swdes dump  D:/JJM/260504_MicroBlaze_SPI/workspace/design_1_wrapper/microblaze_0/standalone_microblaze_0/bsp/system.mss|system||

TRACE::2026-05-04.19:11:44::SCWMssOS::Sw design exists and opened at  D:/JJM/260504_MicroBlaze_SPI/workspace/design_1_wrapper/microblaze_0/standalone_microblaze_0/bsp/system.mss
TRACE::2026-05-04.19:11:44::SCWPlatform::Trying to open the hw design at D:/JJM/260504_MicroBlaze_SPI/workspace/design_1_wrapper/hw/design_1_wrapper.xsa
TRACE::2026-05-04.19:11:44::SCWPlatform::DSA given D:/JJM/260504_MicroBlaze_SPI/workspace/design_1_wrapper/hw/design_1_wrapper.xsa
TRACE::2026-05-04.19:11:44::SCWPlatform::DSA absoulate path D:/JJM/260504_MicroBlaze_SPI/workspace/design_1_wrapper/hw/design_1_wrapper.xsa
TRACE::2026-05-04.19:11:44::SCWPlatform::DSA directory D:/JJM/260504_MicroBlaze_SPI/workspace/design_1_wrapper/hw
TRACE::2026-05-04.19:11:44::SCWPlatform:: Platform Path D:/JJM/260504_MicroBlaze_SPI/workspace/design_1_wrapper/hw/design_1_wrapper.xsa
TRACE::2026-05-04.19:11:44::SCWPlatform:: Unique name xilinx:basys3::0.0
TRACE::2026-05-04.19:11:44::SCWPlatform::Trying to set the existing hwdb with name design_1_wrapper_0
TRACE::2026-05-04.19:11:44::SCWPlatform::Opened existing hwdb design_1_wrapper_0
TRACE::2026-05-04.19:11:44::SCWPlatform::Found the Hw Db part of the input DSA
TRACE::2026-05-04.19:11:44::SCWMssOS::Checking the sw design at  D:/JJM/260504_MicroBlaze_SPI/workspace/design_1_wrapper/microblaze_0/standalone_microblaze_0/bsp/system.mss
TRACE::2026-05-04.19:11:44::SCWMssOS::DEBUG:  swdes dump  D:/JJM/260504_MicroBlaze_SPI/workspace/design_1_wrapper/microblaze_0/standalone_microblaze_0/bsp/system.mss|system||

TRACE::2026-05-04.19:11:44::SCWMssOS::Sw design exists and opened at  D:/JJM/260504_MicroBlaze_SPI/workspace/design_1_wrapper/microblaze_0/standalone_microblaze_0/bsp/system.mss
TRACE::2026-05-04.19:11:44::SCWWriter::formatted JSON is {
	"platformName":	"design_1_wrapper",
	"sprVersion":	"2.0",
	"mode":	"gui",
	"dsaType":	"Fixed",
	"platformDesc":	"design_1_wrapper",
	"platHandOff":	"D:/JJM/260504_MicroBlaze_SPI/XSA/design_1_wrapper.xsa",
	"platIntHandOff":	"<platformDir>/hw/design_1_wrapper.xsa",
	"deviceType":	"FPGA",
	"platIsPrebuiltAutogen":	"false",
	"platIsNoBootBsp":	"false",
	"hasFsblMakeHasChanges":	"false",
	"hasPmufwMakeHasChanges":	"false",
	"platPreBuiltFlag":	false,
	"platformSamplesDir":	"",
	"platActiveSys":	"design_1_wrapper",
	"systems":	[{
			"systemName":	"design_1_wrapper",
			"systemDesc":	"design_1_wrapper",
			"sysIsBootAutoGen":	"true",
			"systemDispName":	"design_1_wrapper",
			"sysActiveDom":	"standalone_microblaze_0",
			"sysDefaultDom":	"standalone_microblaze_0",
			"domains":	[{
					"domainName":	"standalone_microblaze_0",
					"domainDispName":	"standalone_microblaze_0",
					"domainDesc":	"standalone_microblaze_0",
					"processors":	"microblaze_0",
					"os":	"standalone",
					"sdxOs":	"standalone",
					"debugEnable":	"False",
					"domRuntimes":	["cpp"],
					"swRepo":	"",
					"mssOsVer":	"7.3",
					"mssFile":	"",
					"md5Digest":	"85f77e7db2e9bf635a88fb5105542194",
					"compatibleApp":	"empty_application",
					"domType":	"mssDomain",
					"arch":	"32-bit",
					"appSettings":	{
						"appCompilerFlags":	"",
						"appLinkerFlags":	""
					},
					"addedLibs":	[],
					"libOptions":	{
						"libsContainingOptions":	[]
					},
					"prebuiltLibs":	{
						"prebuiltIncPath":	[],
						"prebuiltLibPath":	[]
					},
					"isolation":	{
					}
				}]
		}]
}
TRACE::2026-05-04.19:11:44::SCWPlatform::Trying to open the hw design at D:/JJM/260504_MicroBlaze_SPI/workspace/design_1_wrapper/hw/design_1_wrapper.xsa
TRACE::2026-05-04.19:11:44::SCWPlatform::DSA given D:/JJM/260504_MicroBlaze_SPI/workspace/design_1_wrapper/hw/design_1_wrapper.xsa
TRACE::2026-05-04.19:11:44::SCWPlatform::DSA absoulate path D:/JJM/260504_MicroBlaze_SPI/workspace/design_1_wrapper/hw/design_1_wrapper.xsa
TRACE::2026-05-04.19:11:44::SCWPlatform::DSA directory D:/JJM/260504_MicroBlaze_SPI/workspace/design_1_wrapper/hw
TRACE::2026-05-04.19:11:44::SCWPlatform:: Platform Path D:/JJM/260504_MicroBlaze_SPI/workspace/design_1_wrapper/hw/design_1_wrapper.xsa
TRACE::2026-05-04.19:11:44::SCWPlatform:: Unique name xilinx:basys3::0.0
TRACE::2026-05-04.19:11:44::SCWPlatform::Trying to set the existing hwdb with name design_1_wrapper_0
TRACE::2026-05-04.19:11:44::SCWPlatform::Opened existing hwdb design_1_wrapper_0
TRACE::2026-05-04.19:11:44::SCWPlatform::Found the Hw Db part of the input DSA
TRACE::2026-05-04.19:11:44::SCWMssOS::Checking the sw design at  D:/JJM/260504_MicroBlaze_SPI/workspace/design_1_wrapper/microblaze_0/standalone_microblaze_0/bsp/system.mss
TRACE::2026-05-04.19:11:44::SCWMssOS::DEBUG:  swdes dump  D:/JJM/260504_MicroBlaze_SPI/workspace/design_1_wrapper/microblaze_0/standalone_microblaze_0/bsp/system.mss|system||

TRACE::2026-05-04.19:11:44::SCWMssOS::Sw design exists and opened at  D:/JJM/260504_MicroBlaze_SPI/workspace/design_1_wrapper/microblaze_0/standalone_microblaze_0/bsp/system.mss
TRACE::2026-05-04.19:11:44::SCWPlatform::Trying to open the hw design at D:/JJM/260504_MicroBlaze_SPI/workspace/design_1_wrapper/hw/design_1_wrapper.xsa
TRACE::2026-05-04.19:11:44::SCWPlatform::DSA given D:/JJM/260504_MicroBlaze_SPI/workspace/design_1_wrapper/hw/design_1_wrapper.xsa
TRACE::2026-05-04.19:11:44::SCWPlatform::DSA absoulate path D:/JJM/260504_MicroBlaze_SPI/workspace/design_1_wrapper/hw/design_1_wrapper.xsa
TRACE::2026-05-04.19:11:44::SCWPlatform::DSA directory D:/JJM/260504_MicroBlaze_SPI/workspace/design_1_wrapper/hw
TRACE::2026-05-04.19:11:44::SCWPlatform:: Platform Path D:/JJM/260504_MicroBlaze_SPI/workspace/design_1_wrapper/hw/design_1_wrapper.xsa
TRACE::2026-05-04.19:11:44::SCWPlatform:: Unique name xilinx:basys3::0.0
TRACE::2026-05-04.19:11:44::SCWPlatform::Trying to set the existing hwdb with name design_1_wrapper_0
TRACE::2026-05-04.19:11:44::SCWPlatform::Opened existing hwdb design_1_wrapper_0
TRACE::2026-05-04.19:11:44::SCWPlatform::Found the Hw Db part of the input DSA
TRACE::2026-05-04.19:11:44::SCWMssOS::Checking the sw design at  D:/JJM/260504_MicroBlaze_SPI/workspace/design_1_wrapper/microblaze_0/standalone_microblaze_0/bsp/system.mss
TRACE::2026-05-04.19:11:44::SCWMssOS::DEBUG:  swdes dump  D:/JJM/260504_MicroBlaze_SPI/workspace/design_1_wrapper/microblaze_0/standalone_microblaze_0/bsp/system.mss|system||

TRACE::2026-05-04.19:11:44::SCWMssOS::Sw design exists and opened at  D:/JJM/260504_MicroBlaze_SPI/workspace/design_1_wrapper/microblaze_0/standalone_microblaze_0/bsp/system.mss
TRACE::2026-05-04.19:11:44::SCWMssOS::Saving the mss changes D:/JJM/260504_MicroBlaze_SPI/workspace/design_1_wrapper/microblaze_0/standalone_microblaze_0/bsp/system.mss
TRACE::2026-05-04.19:11:44::SCWMssOS::Found a swdesign opened with the mssfile.
TRACE::2026-05-04.19:11:44::SCWMssOS::Completed writemss as part of save.
TRACE::2026-05-04.19:11:44::SCWMssOS::Commit changes completed.
TRACE::2026-05-04.19:11:44::SCWPlatform::Trying to open the hw design at D:/JJM/260504_MicroBlaze_SPI/workspace/design_1_wrapper/hw/design_1_wrapper.xsa
TRACE::2026-05-04.19:11:44::SCWPlatform::DSA given D:/JJM/260504_MicroBlaze_SPI/workspace/design_1_wrapper/hw/design_1_wrapper.xsa
TRACE::2026-05-04.19:11:44::SCWPlatform::DSA absoulate path D:/JJM/260504_MicroBlaze_SPI/workspace/design_1_wrapper/hw/design_1_wrapper.xsa
TRACE::2026-05-04.19:11:44::SCWPlatform::DSA directory D:/JJM/260504_MicroBlaze_SPI/workspace/design_1_wrapper/hw
TRACE::2026-05-04.19:11:44::SCWPlatform:: Platform Path D:/JJM/260504_MicroBlaze_SPI/workspace/design_1_wrapper/hw/design_1_wrapper.xsa
TRACE::2026-05-04.19:11:44::SCWPlatform:: Unique name xilinx:basys3::0.0
TRACE::2026-05-04.19:11:44::SCWPlatform::Trying to set the existing hwdb with name design_1_wrapper_0
TRACE::2026-05-04.19:11:44::SCWPlatform::Opened existing hwdb design_1_wrapper_0
TRACE::2026-05-04.19:11:44::SCWPlatform::Found the Hw Db part of the input DSA
TRACE::2026-05-04.19:11:44::SCWMssOS::Checking the sw design at  D:/JJM/260504_MicroBlaze_SPI/workspace/design_1_wrapper/microblaze_0/standalone_microblaze_0/bsp/system.mss
TRACE::2026-05-04.19:11:44::SCWMssOS::DEBUG:  swdes dump  D:/JJM/260504_MicroBlaze_SPI/workspace/design_1_wrapper/microblaze_0/standalone_microblaze_0/bsp/system.mss|system||

TRACE::2026-05-04.19:11:44::SCWMssOS::Sw design exists and opened at  D:/JJM/260504_MicroBlaze_SPI/workspace/design_1_wrapper/microblaze_0/standalone_microblaze_0/bsp/system.mss
TRACE::2026-05-04.19:11:44::SCWPlatform::Trying to open the hw design at D:/JJM/260504_MicroBlaze_SPI/workspace/design_1_wrapper/hw/design_1_wrapper.xsa
TRACE::2026-05-04.19:11:44::SCWPlatform::DSA given D:/JJM/260504_MicroBlaze_SPI/workspace/design_1_wrapper/hw/design_1_wrapper.xsa
TRACE::2026-05-04.19:11:44::SCWPlatform::DSA absoulate path D:/JJM/260504_MicroBlaze_SPI/workspace/design_1_wrapper/hw/design_1_wrapper.xsa
TRACE::2026-05-04.19:11:44::SCWPlatform::DSA directory D:/JJM/260504_MicroBlaze_SPI/workspace/design_1_wrapper/hw
TRACE::2026-05-04.19:11:44::SCWPlatform:: Platform Path D:/JJM/260504_MicroBlaze_SPI/workspace/design_1_wrapper/hw/design_1_wrapper.xsa
TRACE::2026-05-04.19:11:44::SCWPlatform:: Unique name xilinx:basys3::0.0
TRACE::2026-05-04.19:11:44::SCWPlatform::Trying to set the existing hwdb with name design_1_wrapper_0
TRACE::2026-05-04.19:11:44::SCWPlatform::Opened existing hwdb design_1_wrapper_0
TRACE::2026-05-04.19:11:44::SCWPlatform::Found the Hw Db part of the input DSA
TRACE::2026-05-04.19:11:44::SCWMssOS::Checking the sw design at  D:/JJM/260504_MicroBlaze_SPI/workspace/design_1_wrapper/microblaze_0/standalone_microblaze_0/bsp/system.mss
TRACE::2026-05-04.19:11:44::SCWMssOS::DEBUG:  swdes dump  D:/JJM/260504_MicroBlaze_SPI/workspace/design_1_wrapper/microblaze_0/standalone_microblaze_0/bsp/system.mss|system||

TRACE::2026-05-04.19:11:44::SCWMssOS::Sw design exists and opened at  D:/JJM/260504_MicroBlaze_SPI/workspace/design_1_wrapper/microblaze_0/standalone_microblaze_0/bsp/system.mss
TRACE::2026-05-04.19:11:44::SCWPlatform::Trying to open the hw design at D:/JJM/260504_MicroBlaze_SPI/workspace/design_1_wrapper/hw/design_1_wrapper.xsa
TRACE::2026-05-04.19:11:44::SCWPlatform::DSA given D:/JJM/260504_MicroBlaze_SPI/workspace/design_1_wrapper/hw/design_1_wrapper.xsa
TRACE::2026-05-04.19:11:44::SCWPlatform::DSA absoulate path D:/JJM/260504_MicroBlaze_SPI/workspace/design_1_wrapper/hw/design_1_wrapper.xsa
TRACE::2026-05-04.19:11:44::SCWPlatform::DSA directory D:/JJM/260504_MicroBlaze_SPI/workspace/design_1_wrapper/hw
TRACE::2026-05-04.19:11:44::SCWPlatform:: Platform Path D:/JJM/260504_MicroBlaze_SPI/workspace/design_1_wrapper/hw/design_1_wrapper.xsa
TRACE::2026-05-04.19:11:44::SCWPlatform:: Unique name xilinx:basys3::0.0
TRACE::2026-05-04.19:11:44::SCWPlatform::Trying to set the existing hwdb with name design_1_wrapper_0
TRACE::2026-05-04.19:11:44::SCWPlatform::Opened existing hwdb design_1_wrapper_0
TRACE::2026-05-04.19:11:44::SCWPlatform::Found the Hw Db part of the input DSA
TRACE::2026-05-04.19:11:44::SCWMssOS::Checking the sw design at  D:/JJM/260504_MicroBlaze_SPI/workspace/design_1_wrapper/microblaze_0/standalone_microblaze_0/bsp/system.mss
TRACE::2026-05-04.19:11:44::SCWMssOS::DEBUG:  swdes dump  D:/JJM/260504_MicroBlaze_SPI/workspace/design_1_wrapper/microblaze_0/standalone_microblaze_0/bsp/system.mss|system||

TRACE::2026-05-04.19:11:44::SCWMssOS::Sw design exists and opened at  D:/JJM/260504_MicroBlaze_SPI/workspace/design_1_wrapper/microblaze_0/standalone_microblaze_0/bsp/system.mss
TRACE::2026-05-04.19:11:44::SCWWriter::formatted JSON is {
	"platformName":	"design_1_wrapper",
	"sprVersion":	"2.0",
	"mode":	"gui",
	"dsaType":	"Fixed",
	"platformDesc":	"design_1_wrapper",
	"platHandOff":	"D:/JJM/260504_MicroBlaze_SPI/XSA/design_1_wrapper.xsa",
	"platIntHandOff":	"<platformDir>/hw/design_1_wrapper.xsa",
	"deviceType":	"FPGA",
	"platIsPrebuiltAutogen":	"false",
	"platIsNoBootBsp":	"false",
	"hasFsblMakeHasChanges":	"false",
	"hasPmufwMakeHasChanges":	"false",
	"platPreBuiltFlag":	false,
	"platformSamplesDir":	"",
	"platActiveSys":	"design_1_wrapper",
	"systems":	[{
			"systemName":	"design_1_wrapper",
			"systemDesc":	"design_1_wrapper",
			"sysIsBootAutoGen":	"true",
			"systemDispName":	"design_1_wrapper",
			"sysActiveDom":	"standalone_microblaze_0",
			"sysDefaultDom":	"standalone_microblaze_0",
			"domains":	[{
					"domainName":	"standalone_microblaze_0",
					"domainDispName":	"standalone_microblaze_0",
					"domainDesc":	"standalone_microblaze_0",
					"processors":	"microblaze_0",
					"os":	"standalone",
					"sdxOs":	"standalone",
					"debugEnable":	"False",
					"domRuntimes":	["cpp"],
					"swRepo":	"",
					"mssOsVer":	"7.3",
					"mssFile":	"",
					"md5Digest":	"85f77e7db2e9bf635a88fb5105542194",
					"compatibleApp":	"empty_application",
					"domType":	"mssDomain",
					"arch":	"32-bit",
					"appSettings":	{
						"appCompilerFlags":	"",
						"appLinkerFlags":	""
					},
					"addedLibs":	[],
					"libOptions":	{
						"libsContainingOptions":	[]
					},
					"prebuiltLibs":	{
						"prebuiltIncPath":	[],
						"prebuiltLibPath":	[]
					},
					"isolation":	{
					}
				}]
		}]
}
LOG::2026-05-04.19:11:44::SCWPlatform::Started generating the artifacts platform design_1_wrapper
TRACE::2026-05-04.19:11:44::SCWPlatform::Sanity checking of platform is completed
LOG::2026-05-04.19:11:44::SCWPlatform::Started generating the artifacts for system configuration design_1_wrapper
LOG::2026-05-04.19:11:44::SCWSystem::Started Processing the domain standalone_microblaze_0
TRACE::2026-05-04.19:11:44::SCWDomain::Generating domain artifcats
TRACE::2026-05-04.19:11:44::SCWMssOS::Generating standalone artifcats
TRACE::2026-05-04.19:11:44::SCWMssOS:: Copying the user libraries. 
TRACE::2026-05-04.19:11:44::SCWPlatform::Trying to open the hw design at D:/JJM/260504_MicroBlaze_SPI/workspace/design_1_wrapper/hw/design_1_wrapper.xsa
TRACE::2026-05-04.19:11:44::SCWPlatform::DSA given D:/JJM/260504_MicroBlaze_SPI/workspace/design_1_wrapper/hw/design_1_wrapper.xsa
TRACE::2026-05-04.19:11:44::SCWPlatform::DSA absoulate path D:/JJM/260504_MicroBlaze_SPI/workspace/design_1_wrapper/hw/design_1_wrapper.xsa
TRACE::2026-05-04.19:11:44::SCWPlatform::DSA directory D:/JJM/260504_MicroBlaze_SPI/workspace/design_1_wrapper/hw
TRACE::2026-05-04.19:11:44::SCWPlatform:: Platform Path D:/JJM/260504_MicroBlaze_SPI/workspace/design_1_wrapper/hw/design_1_wrapper.xsa
TRACE::2026-05-04.19:11:44::SCWPlatform:: Unique name xilinx:basys3::0.0
TRACE::2026-05-04.19:11:44::SCWPlatform::Trying to set the existing hwdb with name design_1_wrapper_0
TRACE::2026-05-04.19:11:44::SCWPlatform::Opened existing hwdb design_1_wrapper_0
TRACE::2026-05-04.19:11:44::SCWPlatform::Found the Hw Db part of the input DSA
TRACE::2026-05-04.19:11:44::SCWMssOS::Checking the sw design at  D:/JJM/260504_MicroBlaze_SPI/workspace/design_1_wrapper/microblaze_0/standalone_microblaze_0/bsp/system.mss
TRACE::2026-05-04.19:11:44::SCWMssOS::DEBUG:  swdes dump  D:/JJM/260504_MicroBlaze_SPI/workspace/design_1_wrapper/microblaze_0/standalone_microblaze_0/bsp/system.mss|system||

TRACE::2026-05-04.19:11:44::SCWMssOS::Sw design exists and opened at  D:/JJM/260504_MicroBlaze_SPI/workspace/design_1_wrapper/microblaze_0/standalone_microblaze_0/bsp/system.mss
TRACE::2026-05-04.19:11:44::SCWMssOS::Completed writing the mss file at D:/JJM/260504_MicroBlaze_SPI/workspace/design_1_wrapper/microblaze_0/standalone_microblaze_0/bsp
TRACE::2026-05-04.19:11:44::SCWMssOS::Mss edits present, copying mssfile into export location D:/JJM/260504_MicroBlaze_SPI/workspace/design_1_wrapper/microblaze_0/standalone_microblaze_0/bsp/system.mss
TRACE::2026-05-04.19:11:44::SCWMssOS::bsp generated is upto date with the mss file. Skipping bsp generation.
TRACE::2026-05-04.19:11:44::SCWMssOS::BSP is already built. skipping the bsp build ... 
TRACE::2026-05-04.19:11:44::SCWDomain::Building the domain as part of full build :  standalone_microblaze_0
TRACE::2026-05-04.19:11:44::SCWMssOS::skipping the bsp build ... 
TRACE::2026-05-04.19:11:44::SCWMssOS::Copying to export directory.
TRACE::2026-05-04.19:11:44::SCWMssOS:: Checking if to create the Supporting Applications
TRACE::2026-05-04.19:11:44::SCWMssOS:: No Linux domain exists, trying to generate FSBL 
LOG::2026-05-04.19:11:44::SCWSystem::Completed Processing the domain standalone_microblaze_0
LOG::2026-05-04.19:11:44::SCWSystem::Completed Processing the sysconfig design_1_wrapper
LOG::2026-05-04.19:11:44::SCWPlatform::Completed generating the artifacts for system configuration design_1_wrapper
TRACE::2026-05-04.19:11:44::SCWPlatform::Started preparing the platform 
TRACE::2026-05-04.19:11:44::SCWSystem::Writing the bif file for system config design_1_wrapper
TRACE::2026-05-04.19:11:44::SCWSystem::dir created 
TRACE::2026-05-04.19:11:44::SCWSystem::Writing the bif 
TRACE::2026-05-04.19:11:44::SCWPlatform::Started writing the spfm file 
TRACE::2026-05-04.19:11:44::SCWPlatform::Started writing the xpfm file 
TRACE::2026-05-04.19:11:44::SCWPlatform::Completed generating the platform
TRACE::2026-05-04.19:11:44::SCWMssOS::Saving the mss changes D:/JJM/260504_MicroBlaze_SPI/workspace/design_1_wrapper/microblaze_0/standalone_microblaze_0/bsp/system.mss
TRACE::2026-05-04.19:11:44::SCWMssOS::Found a swdesign opened with the mssfile.
TRACE::2026-05-04.19:11:44::SCWMssOS::Completed writemss as part of save.
TRACE::2026-05-04.19:11:44::SCWMssOS::Commit changes completed.
TRACE::2026-05-04.19:11:44::SCWPlatform::Trying to open the hw design at D:/JJM/260504_MicroBlaze_SPI/workspace/design_1_wrapper/hw/design_1_wrapper.xsa
TRACE::2026-05-04.19:11:44::SCWPlatform::DSA given D:/JJM/260504_MicroBlaze_SPI/workspace/design_1_wrapper/hw/design_1_wrapper.xsa
TRACE::2026-05-04.19:11:44::SCWPlatform::DSA absoulate path D:/JJM/260504_MicroBlaze_SPI/workspace/design_1_wrapper/hw/design_1_wrapper.xsa
TRACE::2026-05-04.19:11:44::SCWPlatform::DSA directory D:/JJM/260504_MicroBlaze_SPI/workspace/design_1_wrapper/hw
TRACE::2026-05-04.19:11:44::SCWPlatform:: Platform Path D:/JJM/260504_MicroBlaze_SPI/workspace/design_1_wrapper/hw/design_1_wrapper.xsa
TRACE::2026-05-04.19:11:44::SCWPlatform:: Unique name xilinx:basys3::0.0
TRACE::2026-05-04.19:11:44::SCWPlatform::Trying to set the existing hwdb with name design_1_wrapper_0
TRACE::2026-05-04.19:11:44::SCWPlatform::Opened existing hwdb design_1_wrapper_0
TRACE::2026-05-04.19:11:44::SCWPlatform::Found the Hw Db part of the input DSA
TRACE::2026-05-04.19:11:44::SCWMssOS::Checking the sw design at  D:/JJM/260504_MicroBlaze_SPI/workspace/design_1_wrapper/microblaze_0/standalone_microblaze_0/bsp/system.mss
TRACE::2026-05-04.19:11:44::SCWMssOS::DEBUG:  swdes dump  D:/JJM/260504_MicroBlaze_SPI/workspace/design_1_wrapper/microblaze_0/standalone_microblaze_0/bsp/system.mss|system||

TRACE::2026-05-04.19:11:44::SCWMssOS::Sw design exists and opened at  D:/JJM/260504_MicroBlaze_SPI/workspace/design_1_wrapper/microblaze_0/standalone_microblaze_0/bsp/system.mss
TRACE::2026-05-04.19:11:44::SCWPlatform::Trying to open the hw design at D:/JJM/260504_MicroBlaze_SPI/workspace/design_1_wrapper/hw/design_1_wrapper.xsa
TRACE::2026-05-04.19:11:44::SCWPlatform::DSA given D:/JJM/260504_MicroBlaze_SPI/workspace/design_1_wrapper/hw/design_1_wrapper.xsa
TRACE::2026-05-04.19:11:44::SCWPlatform::DSA absoulate path D:/JJM/260504_MicroBlaze_SPI/workspace/design_1_wrapper/hw/design_1_wrapper.xsa
TRACE::2026-05-04.19:11:44::SCWPlatform::DSA directory D:/JJM/260504_MicroBlaze_SPI/workspace/design_1_wrapper/hw
TRACE::2026-05-04.19:11:44::SCWPlatform:: Platform Path D:/JJM/260504_MicroBlaze_SPI/workspace/design_1_wrapper/hw/design_1_wrapper.xsa
TRACE::2026-05-04.19:11:44::SCWPlatform:: Unique name xilinx:basys3::0.0
TRACE::2026-05-04.19:11:44::SCWPlatform::Trying to set the existing hwdb with name design_1_wrapper_0
TRACE::2026-05-04.19:11:44::SCWPlatform::Opened existing hwdb design_1_wrapper_0
TRACE::2026-05-04.19:11:44::SCWPlatform::Found the Hw Db part of the input DSA
TRACE::2026-05-04.19:11:44::SCWMssOS::Checking the sw design at  D:/JJM/260504_MicroBlaze_SPI/workspace/design_1_wrapper/microblaze_0/standalone_microblaze_0/bsp/system.mss
TRACE::2026-05-04.19:11:44::SCWMssOS::DEBUG:  swdes dump  D:/JJM/260504_MicroBlaze_SPI/workspace/design_1_wrapper/microblaze_0/standalone_microblaze_0/bsp/system.mss|system||

TRACE::2026-05-04.19:11:44::SCWMssOS::Sw design exists and opened at  D:/JJM/260504_MicroBlaze_SPI/workspace/design_1_wrapper/microblaze_0/standalone_microblaze_0/bsp/system.mss
TRACE::2026-05-04.19:11:44::SCWPlatform::Trying to open the hw design at D:/JJM/260504_MicroBlaze_SPI/workspace/design_1_wrapper/hw/design_1_wrapper.xsa
TRACE::2026-05-04.19:11:44::SCWPlatform::DSA given D:/JJM/260504_MicroBlaze_SPI/workspace/design_1_wrapper/hw/design_1_wrapper.xsa
TRACE::2026-05-04.19:11:44::SCWPlatform::DSA absoulate path D:/JJM/260504_MicroBlaze_SPI/workspace/design_1_wrapper/hw/design_1_wrapper.xsa
TRACE::2026-05-04.19:11:44::SCWPlatform::DSA directory D:/JJM/260504_MicroBlaze_SPI/workspace/design_1_wrapper/hw
TRACE::2026-05-04.19:11:44::SCWPlatform:: Platform Path D:/JJM/260504_MicroBlaze_SPI/workspace/design_1_wrapper/hw/design_1_wrapper.xsa
TRACE::2026-05-04.19:11:44::SCWPlatform:: Unique name xilinx:basys3::0.0
TRACE::2026-05-04.19:11:44::SCWPlatform::Trying to set the existing hwdb with name design_1_wrapper_0
TRACE::2026-05-04.19:11:44::SCWPlatform::Opened existing hwdb design_1_wrapper_0
TRACE::2026-05-04.19:11:44::SCWPlatform::Found the Hw Db part of the input DSA
TRACE::2026-05-04.19:11:44::SCWMssOS::Checking the sw design at  D:/JJM/260504_MicroBlaze_SPI/workspace/design_1_wrapper/microblaze_0/standalone_microblaze_0/bsp/system.mss
TRACE::2026-05-04.19:11:44::SCWMssOS::DEBUG:  swdes dump  D:/JJM/260504_MicroBlaze_SPI/workspace/design_1_wrapper/microblaze_0/standalone_microblaze_0/bsp/system.mss|system||

TRACE::2026-05-04.19:11:44::SCWMssOS::Sw design exists and opened at  D:/JJM/260504_MicroBlaze_SPI/workspace/design_1_wrapper/microblaze_0/standalone_microblaze_0/bsp/system.mss
TRACE::2026-05-04.19:11:44::SCWWriter::formatted JSON is {
	"platformName":	"design_1_wrapper",
	"sprVersion":	"2.0",
	"mode":	"gui",
	"dsaType":	"Fixed",
	"platformDesc":	"design_1_wrapper",
	"platHandOff":	"D:/JJM/260504_MicroBlaze_SPI/XSA/design_1_wrapper.xsa",
	"platIntHandOff":	"<platformDir>/hw/design_1_wrapper.xsa",
	"deviceType":	"FPGA",
	"platIsPrebuiltAutogen":	"false",
	"platIsNoBootBsp":	"false",
	"hasFsblMakeHasChanges":	"false",
	"hasPmufwMakeHasChanges":	"false",
	"platPreBuiltFlag":	false,
	"platformSamplesDir":	"",
	"platActiveSys":	"design_1_wrapper",
	"systems":	[{
			"systemName":	"design_1_wrapper",
			"systemDesc":	"design_1_wrapper",
			"sysIsBootAutoGen":	"true",
			"systemDispName":	"design_1_wrapper",
			"sysActiveDom":	"standalone_microblaze_0",
			"sysDefaultDom":	"standalone_microblaze_0",
			"domains":	[{
					"domainName":	"standalone_microblaze_0",
					"domainDispName":	"standalone_microblaze_0",
					"domainDesc":	"standalone_microblaze_0",
					"processors":	"microblaze_0",
					"os":	"standalone",
					"sdxOs":	"standalone",
					"debugEnable":	"False",
					"domRuntimes":	["cpp"],
					"swRepo":	"",
					"mssOsVer":	"7.3",
					"mssFile":	"",
					"md5Digest":	"85f77e7db2e9bf635a88fb5105542194",
					"compatibleApp":	"empty_application",
					"domType":	"mssDomain",
					"arch":	"32-bit",
					"appSettings":	{
						"appCompilerFlags":	"",
						"appLinkerFlags":	""
					},
					"addedLibs":	[],
					"libOptions":	{
						"libsContainingOptions":	[]
					},
					"prebuiltLibs":	{
						"prebuiltIncPath":	[],
						"prebuiltLibPath":	[]
					},
					"isolation":	{
					}
				}]
		}]
}
KEYINFO::2026-05-04.19:11:44::SCWPlatform::updated the xpfm file.
LOG::2026-05-04.20:37:54::SCWPlatform::Started generating the artifacts platform design_1_wrapper
TRACE::2026-05-04.20:37:54::SCWPlatform::Sanity checking of platform is completed
LOG::2026-05-04.20:37:54::SCWPlatform::Started generating the artifacts for system configuration design_1_wrapper
LOG::2026-05-04.20:37:54::SCWSystem::Checking the domain standalone_microblaze_0
LOG::2026-05-04.20:37:54::SCWSystem::Not a boot domain 
LOG::2026-05-04.20:37:54::SCWSystem::Started Processing the domain standalone_microblaze_0
TRACE::2026-05-04.20:37:54::SCWDomain::Generating domain artifcats
TRACE::2026-05-04.20:37:54::SCWMssOS::Generating standalone artifcats
TRACE::2026-05-04.20:37:54::SCWMssOS:: Copying the user libraries. 
TRACE::2026-05-04.20:37:54::SCWPlatform::Trying to open the hw design at D:/JJM/260504_MicroBlaze_SPI/workspace/design_1_wrapper/hw/design_1_wrapper.xsa
TRACE::2026-05-04.20:37:54::SCWPlatform::DSA given D:/JJM/260504_MicroBlaze_SPI/workspace/design_1_wrapper/hw/design_1_wrapper.xsa
TRACE::2026-05-04.20:37:54::SCWPlatform::DSA absoulate path D:/JJM/260504_MicroBlaze_SPI/workspace/design_1_wrapper/hw/design_1_wrapper.xsa
TRACE::2026-05-04.20:37:54::SCWPlatform::DSA directory D:/JJM/260504_MicroBlaze_SPI/workspace/design_1_wrapper/hw
TRACE::2026-05-04.20:37:54::SCWPlatform:: Platform Path D:/JJM/260504_MicroBlaze_SPI/workspace/design_1_wrapper/hw/design_1_wrapper.xsa
TRACE::2026-05-04.20:37:54::SCWPlatform:: Unique name xilinx:basys3::0.0
TRACE::2026-05-04.20:37:54::SCWPlatform::Trying to set the existing hwdb with name design_1_wrapper_0
TRACE::2026-05-04.20:37:54::SCWPlatform::Opened existing hwdb design_1_wrapper_0
TRACE::2026-05-04.20:37:54::SCWPlatform::Found the Hw Db part of the input DSA
TRACE::2026-05-04.20:37:54::SCWMssOS::Checking the sw design at  D:/JJM/260504_MicroBlaze_SPI/workspace/design_1_wrapper/microblaze_0/standalone_microblaze_0/bsp/system.mss
TRACE::2026-05-04.20:37:54::SCWMssOS::DEBUG:  swdes dump  D:/JJM/260504_MicroBlaze_SPI/workspace/design_1_wrapper/microblaze_0/standalone_microblaze_0/bsp/system.mss|system||

TRACE::2026-05-04.20:37:54::SCWMssOS::Sw design exists and opened at  D:/JJM/260504_MicroBlaze_SPI/workspace/design_1_wrapper/microblaze_0/standalone_microblaze_0/bsp/system.mss
TRACE::2026-05-04.20:37:54::SCWMssOS::Completed writing the mss file at D:/JJM/260504_MicroBlaze_SPI/workspace/design_1_wrapper/microblaze_0/standalone_microblaze_0/bsp
TRACE::2026-05-04.20:37:54::SCWMssOS::Mss edits present, copying mssfile into export location D:/JJM/260504_MicroBlaze_SPI/workspace/design_1_wrapper/microblaze_0/standalone_microblaze_0/bsp/system.mss
TRACE::2026-05-04.20:37:54::SCWMssOS::bsp generated is upto date with the mss file. Skipping bsp generation.
TRACE::2026-05-04.20:37:54::SCWMssOS::BSP is already built. skipping the bsp build ... 
TRACE::2026-05-04.20:37:54::SCWDomain::Building the domain as part of full build :  standalone_microblaze_0
TRACE::2026-05-04.20:37:54::SCWMssOS::doing bsp build ... 
TRACE::2026-05-04.20:37:54::SCWMssOS::System Command Ran  D: & cd  D:/JJM/260504_MicroBlaze_SPI/workspace/design_1_wrapper/microblaze_0/standalone_microblaze_0/bsp & make 
TRACE::2026-05-04.20:37:54::SCWMssOS::make --no-print-directory seq_libs

TRACE::2026-05-04.20:37:54::SCWMssOS::"Running Make include in microblaze_0/libsrc/bram_v4_5/src"

TRACE::2026-05-04.20:37:54::SCWMssOS::make -C microblaze_0/libsrc/bram_v4_5/src -s include  "SHELL=CMD" "COMPILER=mb-gcc" "ASSEMBLER=mb-as" "ARCHIVER=mb-ar" "COMPILE
TRACE::2026-05-04.20:37:54::SCWMssOS::R_FLAGS=  -O2 -c -mcpu=v11.0 -mlittle-endian -mxl-soft-mul" "EXTRA_COMPILER_FLAGS=-g -ffunction-sections -fdata-sections -Wall 
TRACE::2026-05-04.20:37:54::SCWMssOS::-Wextra"

TRACE::2026-05-04.20:37:55::SCWMssOS::"Running Make include in microblaze_0/libsrc/cpu_v2_12/src"

TRACE::2026-05-04.20:37:55::SCWMssOS::make -C microblaze_0/libsrc/cpu_v2_12/src -s include  "SHELL=CMD" "COMPILER=mb-gcc" "ASSEMBLER=mb-as" "ARCHIVER=mb-ar" "COMPILE
TRACE::2026-05-04.20:37:55::SCWMssOS::R_FLAGS=  -O2 -c -mcpu=v11.0 -mlittle-endian -mxl-soft-mul" "EXTRA_COMPILER_FLAGS=-g -ffunction-sections -fdata-sections -Wall 
TRACE::2026-05-04.20:37:55::SCWMssOS::-Wextra"

TRACE::2026-05-04.20:37:55::SCWMssOS::"Running Make include in microblaze_0/libsrc/GPIO8_v1_0/src"

TRACE::2026-05-04.20:37:55::SCWMssOS::make -C microblaze_0/libsrc/GPIO8_v1_0/src -s include  "SHELL=CMD" "COMPILER=mb-gcc" "ASSEMBLER=mb-as" "ARCHIVER=mb-ar" "COMPIL
TRACE::2026-05-04.20:37:55::SCWMssOS::ER_FLAGS=  -O2 -c -mcpu=v11.0 -mlittle-endian -mxl-soft-mul" "EXTRA_COMPILER_FLAGS=-g -ffunction-sections -fdata-sections -Wall
TRACE::2026-05-04.20:37:55::SCWMssOS:: -Wextra"

TRACE::2026-05-04.20:37:55::SCWMssOS::"Running Make include in microblaze_0/libsrc/intc_v3_12/src"

TRACE::2026-05-04.20:37:55::SCWMssOS::make -C microblaze_0/libsrc/intc_v3_12/src -s include  "SHELL=CMD" "COMPILER=mb-gcc" "ASSEMBLER=mb-as" "ARCHIVER=mb-ar" "COMPIL
TRACE::2026-05-04.20:37:55::SCWMssOS::ER_FLAGS=  -O2 -c -mcpu=v11.0 -mlittle-endian -mxl-soft-mul" "EXTRA_COMPILER_FLAGS=-g -ffunction-sections -fdata-sections -Wall
TRACE::2026-05-04.20:37:55::SCWMssOS:: -Wextra"

TRACE::2026-05-04.20:37:55::SCWMssOS::"Running Make include in microblaze_0/libsrc/SPI_v1_0/src"

TRACE::2026-05-04.20:37:55::SCWMssOS::make -C microblaze_0/libsrc/SPI_v1_0/src -s include  "SHELL=CMD" "COMPILER=mb-gcc" "ASSEMBLER=mb-as" "ARCHIVER=mb-ar" "COMPILER
TRACE::2026-05-04.20:37:55::SCWMssOS::_FLAGS=  -O2 -c -mcpu=v11.0 -mlittle-endian -mxl-soft-mul" "EXTRA_COMPILER_FLAGS=-g -ffunction-sections -fdata-sections -Wall -
TRACE::2026-05-04.20:37:55::SCWMssOS::Wextra"

TRACE::2026-05-04.20:37:55::SCWMssOS::"Running Make include in microblaze_0/libsrc/standalone_v7_3/src"

TRACE::2026-05-04.20:37:55::SCWMssOS::make -C microblaze_0/libsrc/standalone_v7_3/src -s include  "SHELL=CMD" "COMPILER=mb-gcc" "ASSEMBLER=mb-as" "ARCHIVER=mb-ar" "C
TRACE::2026-05-04.20:37:55::SCWMssOS::OMPILER_FLAGS=  -O2 -c -mcpu=v11.0 -mlittle-endian -mxl-soft-mul" "EXTRA_COMPILER_FLAGS=-g -ffunction-sections -fdata-sections 
TRACE::2026-05-04.20:37:55::SCWMssOS::-Wall -Wextra"

TRACE::2026-05-04.20:37:55::SCWMssOS::"Running Make include in microblaze_0/libsrc/TMR_v1_0/src"

TRACE::2026-05-04.20:37:55::SCWMssOS::make -C microblaze_0/libsrc/TMR_v1_0/src -s include  "SHELL=CMD" "COMPILER=mb-gcc" "ASSEMBLER=mb-as" "ARCHIVER=mb-ar" "COMPILER
TRACE::2026-05-04.20:37:55::SCWMssOS::_FLAGS=  -O2 -c -mcpu=v11.0 -mlittle-endian -mxl-soft-mul" "EXTRA_COMPILER_FLAGS=-g -ffunction-sections -fdata-sections -Wall -
TRACE::2026-05-04.20:37:55::SCWMssOS::Wextra"

TRACE::2026-05-04.20:37:56::SCWMssOS::"Running Make include in microblaze_0/libsrc/uartlite_v3_5/src"

TRACE::2026-05-04.20:37:56::SCWMssOS::make -C microblaze_0/libsrc/uartlite_v3_5/src -s include  "SHELL=CMD" "COMPILER=mb-gcc" "ASSEMBLER=mb-as" "ARCHIVER=mb-ar" "COM
TRACE::2026-05-04.20:37:56::SCWMssOS::PILER_FLAGS=  -O2 -c -mcpu=v11.0 -mlittle-endian -mxl-soft-mul" "EXTRA_COMPILER_FLAGS=-g -ffunction-sections -fdata-sections -W
TRACE::2026-05-04.20:37:56::SCWMssOS::all -Wextra"

TRACE::2026-05-04.20:37:56::SCWMssOS::"Running Make libs in microblaze_0/libsrc/GPIO8_v1_0/src"

TRACE::2026-05-04.20:37:56::SCWMssOS::make -C microblaze_0/libsrc/GPIO8_v1_0/src -s libs  "SHELL=CMD" "COMPILER=mb-gcc" "ASSEMBLER=mb-as" "ARCHIVER=mb-ar" "COMPILER_
TRACE::2026-05-04.20:37:56::SCWMssOS::FLAGS=  -O2 -c -mcpu=v11.0 -mlittle-endian -mxl-soft-mul" "EXTRA_COMPILER_FLAGS=-g -ffunction-sections -fdata-sections -Wall -W
TRACE::2026-05-04.20:37:56::SCWMssOS::extra"

TRACE::2026-05-04.20:37:56::SCWMssOS::"Compiling GPIO8..."

TRACE::2026-05-04.20:37:57::SCWMssOS::"Running Make libs in microblaze_0/libsrc/SPI_v1_0/src"

TRACE::2026-05-04.20:37:57::SCWMssOS::make -C microblaze_0/libsrc/SPI_v1_0/src -s libs  "SHELL=CMD" "COMPILER=mb-gcc" "ASSEMBLER=mb-as" "ARCHIVER=mb-ar" "COMPILER_FL
TRACE::2026-05-04.20:37:57::SCWMssOS::AGS=  -O2 -c -mcpu=v11.0 -mlittle-endian -mxl-soft-mul" "EXTRA_COMPILER_FLAGS=-g -ffunction-sections -fdata-sections -Wall -Wex
TRACE::2026-05-04.20:37:57::SCWMssOS::tra"

TRACE::2026-05-04.20:37:57::SCWMssOS::"Compiling SPI..."

TRACE::2026-05-04.20:37:57::SCWMssOS::"Running Make libs in microblaze_0/libsrc/TMR_v1_0/src"

TRACE::2026-05-04.20:37:57::SCWMssOS::make -C microblaze_0/libsrc/TMR_v1_0/src -s libs  "SHELL=CMD" "COMPILER=mb-gcc" "ASSEMBLER=mb-as" "ARCHIVER=mb-ar" "COMPILER_FL
TRACE::2026-05-04.20:37:57::SCWMssOS::AGS=  -O2 -c -mcpu=v11.0 -mlittle-endian -mxl-soft-mul" "EXTRA_COMPILER_FLAGS=-g -ffunction-sections -fdata-sections -Wall -Wex
TRACE::2026-05-04.20:37:57::SCWMssOS::tra"

TRACE::2026-05-04.20:37:57::SCWMssOS::"Compiling TMR..."

TRACE::2026-05-04.20:37:57::SCWMssOS::'Finished building libraries sequentially.'

TRACE::2026-05-04.20:37:57::SCWMssOS::make -j --no-print-directory par_libs

TRACE::2026-05-04.20:37:57::SCWMssOS::"Running Make include in microblaze_0/libsrc/bram_v4_5/src"

TRACE::2026-05-04.20:37:57::SCWMssOS::make -C microblaze_0/libsrc/bram_v4_5/src -s include  "SHELL=CMD" "COMPILER=mb-gcc" "ASSEMBLER=mb-as" "ARCHIVER=mb-ar" "COMPILE
TRACE::2026-05-04.20:37:57::SCWMssOS::R_FLAGS=  -O2 -c -mcpu=v11.0 -mlittle-endian -mxl-soft-mul" "EXTRA_COMPILER_FLAGS=-g -ffunction-sections -fdata-sections -Wall 
TRACE::2026-05-04.20:37:57::SCWMssOS::-Wextra"

TRACE::2026-05-04.20:37:57::SCWMssOS::"Running Make include in microblaze_0/libsrc/cpu_v2_12/src"

TRACE::2026-05-04.20:37:57::SCWMssOS::make -C microblaze_0/libsrc/cpu_v2_12/src -s include  "SHELL=CMD" "COMPILER=mb-gcc" "ASSEMBLER=mb-as" "ARCHIVER=mb-ar" "COMPILE
TRACE::2026-05-04.20:37:57::SCWMssOS::R_FLAGS=  -O2 -c -mcpu=v11.0 -mlittle-endian -mxl-soft-mul" "EXTRA_COMPILER_FLAGS=-g -ffunction-sections -fdata-sections -Wall 
TRACE::2026-05-04.20:37:57::SCWMssOS::-Wextra"

TRACE::2026-05-04.20:37:57::SCWMssOS::"Running Make include in microblaze_0/libsrc/GPIO8_v1_0/src"

TRACE::2026-05-04.20:37:57::SCWMssOS::make -C microblaze_0/libsrc/GPIO8_v1_0/src -s include  "SHELL=CMD" "COMPILER=mb-gcc" "ASSEMBLER=mb-as" "ARCHIVER=mb-ar" "COMPIL
TRACE::2026-05-04.20:37:57::SCWMssOS::ER_FLAGS=  -O2 -c -mcpu=v11.0 -mlittle-endian -mxl-soft-mul" "EXTRA_COMPILER_FLAGS=-g -ffunction-sections -fdata-sections -Wall
TRACE::2026-05-04.20:37:57::SCWMssOS:: -Wextra"

TRACE::2026-05-04.20:37:57::SCWMssOS::"Running Make include in microblaze_0/libsrc/intc_v3_12/src"

TRACE::2026-05-04.20:37:57::SCWMssOS::make -C microblaze_0/libsrc/intc_v3_12/src -s include  "SHELL=CMD" "COMPILER=mb-gcc" "ASSEMBLER=mb-as" "ARCHIVER=mb-ar" "COMPIL
TRACE::2026-05-04.20:37:57::SCWMssOS::ER_FLAGS=  -O2 -c -mcpu=v11.0 -mlittle-endian -mxl-soft-mul" "EXTRA_COMPILER_FLAGS=-g -ffunction-sections -fdata-sections -Wall
TRACE::2026-05-04.20:37:57::SCWMssOS:: -Wextra"

TRACE::2026-05-04.20:37:57::SCWMssOS::"Running Make include in microblaze_0/libsrc/SPI_v1_0/src"

TRACE::2026-05-04.20:37:57::SCWMssOS::make -C microblaze_0/libsrc/SPI_v1_0/src -s include  "SHELL=CMD" "COMPILER=mb-gcc" "ASSEMBLER=mb-as" "ARCHIVER=mb-ar" "COMPILER
TRACE::2026-05-04.20:37:57::SCWMssOS::_FLAGS=  -O2 -c -mcpu=v11.0 -mlittle-endian -mxl-soft-mul" "EXTRA_COMPILER_FLAGS=-g -ffunction-sections -fdata-sections -Wall -
TRACE::2026-05-04.20:37:57::SCWMssOS::Wextra"

TRACE::2026-05-04.20:37:57::SCWMssOS::"Running Make include in microblaze_0/libsrc/standalone_v7_3/src"

TRACE::2026-05-04.20:37:57::SCWMssOS::make -C microblaze_0/libsrc/standalone_v7_3/src -s include  "SHELL=CMD" "COMPILER=mb-gcc" "ASSEMBLER=mb-as" "ARCHIVER=mb-ar" "C
TRACE::2026-05-04.20:37:57::SCWMssOS::OMPILER_FLAGS=  -O2 -c -mcpu=v11.0 -mlittle-endian -mxl-soft-mul" "EXTRA_COMPILER_FLAGS=-g -ffunction-sections -fdata-sections 
TRACE::2026-05-04.20:37:57::SCWMssOS::-Wall -Wextra"

TRACE::2026-05-04.20:37:57::SCWMssOS::"Running Make include in microblaze_0/libsrc/TMR_v1_0/src"

TRACE::2026-05-04.20:37:57::SCWMssOS::make -C microblaze_0/libsrc/TMR_v1_0/src -s include  "SHELL=CMD" "COMPILER=mb-gcc" "ASSEMBLER=mb-as" "ARCHIVER=mb-ar" "COMPILER
TRACE::2026-05-04.20:37:57::SCWMssOS::_FLAGS=  -O2 -c -mcpu=v11.0 -mlittle-endian -mxl-soft-mul" "EXTRA_COMPILER_FLAGS=-g -ffunction-sections -fdata-sections -Wall -
TRACE::2026-05-04.20:37:57::SCWMssOS::Wextra"

TRACE::2026-05-04.20:37:57::SCWMssOS::"Running Make include in microblaze_0/libsrc/uartlite_v3_5/src"

TRACE::2026-05-04.20:37:57::SCWMssOS::make -C microblaze_0/libsrc/uartlite_v3_5/src -s include  "SHELL=CMD" "COMPILER=mb-gcc" "ASSEMBLER=mb-as" "ARCHIVER=mb-ar" "COM
TRACE::2026-05-04.20:37:57::SCWMssOS::PILER_FLAGS=  -O2 -c -mcpu=v11.0 -mlittle-endian -mxl-soft-mul" "EXTRA_COMPILER_FLAGS=-g -ffunction-sections -fdata-sections -W
TRACE::2026-05-04.20:37:57::SCWMssOS::all -Wextra"

TRACE::2026-05-04.20:37:57::SCWMssOS::"Running Make libs in microblaze_0/libsrc/bram_v4_5/src"

TRACE::2026-05-04.20:37:57::SCWMssOS::make -C microblaze_0/libsrc/bram_v4_5/src -s libs  "SHELL=CMD" "COMPILER=mb-gcc" "ASSEMBLER=mb-as" "ARCHIVER=mb-ar" "COMPILER_F
TRACE::2026-05-04.20:37:57::SCWMssOS::LAGS=  -O2 -c -mcpu=v11.0 -mlittle-endian -mxl-soft-mul" "EXTRA_COMPILER_FLAGS=-g -ffunction-sections -fdata-sections -Wall -We
TRACE::2026-05-04.20:37:57::SCWMssOS::xtra"

TRACE::2026-05-04.20:37:57::SCWMssOS::"Running Make libs in microblaze_0/libsrc/cpu_v2_12/src"

TRACE::2026-05-04.20:37:57::SCWMssOS::make -C microblaze_0/libsrc/cpu_v2_12/src -s libs  "SHELL=CMD" "COMPILER=mb-gcc" "ASSEMBLER=mb-as" "ARCHIVER=mb-ar" "COMPILER_F
TRACE::2026-05-04.20:37:57::SCWMssOS::LAGS=  -O2 -c -mcpu=v11.0 -mlittle-endian -mxl-soft-mul" "EXTRA_COMPILER_FLAGS=-g -ffunction-sections -fdata-sections -Wall -We
TRACE::2026-05-04.20:37:57::SCWMssOS::xtra"

TRACE::2026-05-04.20:37:57::SCWMssOS::"Running Make libs in microblaze_0/libsrc/intc_v3_12/src"

TRACE::2026-05-04.20:37:57::SCWMssOS::make -C microblaze_0/libsrc/intc_v3_12/src -s libs  "SHELL=CMD" "COMPILER=mb-gcc" "ASSEMBLER=mb-as" "ARCHIVER=mb-ar" "COMPILER_
TRACE::2026-05-04.20:37:57::SCWMssOS::FLAGS=  -O2 -c -mcpu=v11.0 -mlittle-endian -mxl-soft-mul" "EXTRA_COMPILER_FLAGS=-g -ffunction-sections -fdata-sections -Wall -W
TRACE::2026-05-04.20:37:57::SCWMssOS::extra"

TRACE::2026-05-04.20:37:57::SCWMssOS::"Running Make libs in microblaze_0/libsrc/standalone_v7_3/src"

TRACE::2026-05-04.20:37:57::SCWMssOS::make -C microblaze_0/libsrc/standalone_v7_3/src -s libs  "SHELL=CMD" "COMPILER=mb-gcc" "ASSEMBLER=mb-as" "ARCHIVER=mb-ar" "COMP
TRACE::2026-05-04.20:37:57::SCWMssOS::ILER_FLAGS=  -O2 -c -mcpu=v11.0 -mlittle-endian -mxl-soft-mul" "EXTRA_COMPILER_FLAGS=-g -ffunction-sections -fdata-sections -Wa
TRACE::2026-05-04.20:37:57::SCWMssOS::ll -Wextra"

TRACE::2026-05-04.20:37:57::SCWMssOS::"Running Make libs in microblaze_0/libsrc/uartlite_v3_5/src"

TRACE::2026-05-04.20:37:57::SCWMssOS::make -C microblaze_0/libsrc/uartlite_v3_5/src -s libs  "SHELL=CMD" "COMPILER=mb-gcc" "ASSEMBLER=mb-as" "ARCHIVER=mb-ar" "COMPIL
TRACE::2026-05-04.20:37:57::SCWMssOS::ER_FLAGS=  -O2 -c -mcpu=v11.0 -mlittle-endian -mxl-soft-mul" "EXTRA_COMPILER_FLAGS=-g -ffunction-sections -fdata-sections -Wall
TRACE::2026-05-04.20:37:57::SCWMssOS:: -Wextra"

TRACE::2026-05-04.20:37:58::SCWMssOS::"DEBUG NON_LTO_OBJECTS is ../../../lib/microblaze_interrupt_handler.o"

TRACE::2026-05-04.20:37:58::SCWMssOS::'Finished building libraries parallelly.'

TRACE::2026-05-04.20:37:58::SCWMssOS::make --no-print-directory archive

TRACE::2026-05-04.20:37:58::SCWMssOS::mb-ar -r  microblaze_0/lib/libxil.a microblaze_0/lib/xplatform_info.o microblaze_0/lib/xuartlite.o microblaze_0/lib/microblaze_
TRACE::2026-05-04.20:37:58::SCWMssOS::disable_exceptions.o microblaze_0/lib/print.o microblaze_0/lib/_exit.o microblaze_0/lib/xil_testio.o microblaze_0/lib/microblaz
TRACE::2026-05-04.20:37:58::SCWMssOS::e_disable_dcache.o microblaze_0/lib/microblaze_flush_dcache_range.o microblaze_0/lib/microblaze_flush_cache_ext.o microblaze_0/
TRACE::2026-05-04.20:37:58::SCWMssOS::lib/xbram_sinit.o microblaze_0/lib/xil_misc_psreset_api.o microblaze_0/lib/xil_cache.o microblaze_0/lib/xil_util.o microblaze_0
TRACE::2026-05-04.20:37:58::SCWMssOS::/lib/inbyte.o microblaze_0/lib/xbram_g.o microblaze_0/lib/xuartlite_stats.o microblaze_0/lib/microblaze_exception_handler.o mic
TRACE::2026-05-04.20:37:58::SCWMssOS::roblaze_0/lib/microblaze_scrub.o microblaze_0/lib/microblaze_invalidate_dcache.o microblaze_0/lib/microblaze_disable_interrupts
TRACE::2026-05-04.20:37:58::SCWMssOS::.o microblaze_0/lib/xbram_selftest.o microblaze_0/lib/microblaze_interrupt_handler.o microblaze_0/lib/microblaze_disable_icache
TRACE::2026-05-04.20:37:58::SCWMssOS::.o microblaze_0/lib/xil_mem.o microblaze_0/lib/xuartlite_intr.o microblaze_0/lib/microblaze_flush_cache_ext_range.o microblaze_
TRACE::2026-05-04.20:37:58::SCWMssOS::0/lib/xbram_intr.o microblaze_0/lib/xil_sleepcommon.o microblaze_0/lib/xil_printf.o microblaze_0/lib/xintc_g.o microblaze_0/lib
TRACE::2026-05-04.20:37:58::SCWMssOS::/xuartlite_g.o microblaze_0/lib/xintc_selftest.o microblaze_0/lib/xintc_l.o microblaze_0/lib/outbyte.o microblaze_0/lib/microbl
TRACE::2026-05-04.20:37:58::SCWMssOS::aze_invalidate_dcache_range.o microblaze_0/lib/microblaze_invalidate_cache_ext.o microblaze_0/lib/microblaze_sleep.o microblaze
TRACE::2026-05-04.20:37:58::SCWMssOS::_0/lib/hw_exception_handler.o microblaze_0/lib/xuartlite_selftest.o microblaze_0/lib/xintc_intr.o microblaze_0/lib/microblaze_u
TRACE::2026-05-04.20:37:58::SCWMssOS::pdate_dcache.o microblaze_0/lib/xil_testcache.o microblaze_0/lib/microblaze_selftest.o microblaze_0/lib/microblaze_interrupts_g
TRACE::2026-05-04.20:37:58::SCWMssOS::.o microblaze_0/lib/microblaze_enable_exceptions.o microblaze_0/lib/xio.o microblaze_0/lib/microblaze_enable_dcache.o microblaz
TRACE::2026-05-04.20:37:58::SCWMssOS::e_0/lib/xbram.o microblaze_0/lib/microblaze_invalidate_icache_range.o microblaze_0/lib/microblaze_init_dcache_range.o microblaz
TRACE::2026-05-04.20:37:58::SCWMssOS::e_0/lib/microblaze_invalidate_icache.o microblaze_0/lib/errno.o microblaze_0/lib/xuartlite_l.o microblaze_0/lib/xintc_options.o
TRACE::2026-05-04.20:37:58::SCWMssOS:: microblaze_0/lib/microblaze_invalidate_cache_ext_range.o microblaze_0/lib/xil_exception.o microblaze_0/lib/pvr.o microblaze_0/
TRACE::2026-05-04.20:37:58::SCWMssOS::lib/xil_testmem.o microblaze_0/lib/microblaze_update_icache.o microblaze_0/lib/microblaze_flush_dcache.o microblaze_0/lib/xil_c
TRACE::2026-05-04.20:37:58::SCWMssOS::locking.o microblaze_0/lib/xil_assert.o microblaze_0/lib/microblaze_enable_interrupts.o microblaze_0/lib/microblaze_enable_icac
TRACE::2026-05-04.20:37:58::SCWMssOS::he.o microblaze_0/lib/xintc.o microblaze_0/lib/xuartlite_sinit.o microblaze_0/lib/fcntl.o microblaze_0/lib/microblaze_init_icac
TRACE::2026-05-04.20:37:58::SCWMssOS::he_range.o

TRACE::2026-05-04.20:37:58::SCWMssOS::'Finished building libraries'

TRACE::2026-05-04.20:37:59::SCWMssOS::Copying to export directory.
TRACE::2026-05-04.20:37:59::SCWMssOS:: Checking if to create the Supporting Applications
TRACE::2026-05-04.20:37:59::SCWMssOS:: No Linux domain exists, trying to generate FSBL 
LOG::2026-05-04.20:37:59::SCWSystem::Completed Processing the domain standalone_microblaze_0
LOG::2026-05-04.20:37:59::SCWSystem::Completed Processing the sysconfig design_1_wrapper
LOG::2026-05-04.20:37:59::SCWPlatform::Completed generating the artifacts for system configuration design_1_wrapper
TRACE::2026-05-04.20:37:59::SCWPlatform::Started preparing the platform 
TRACE::2026-05-04.20:37:59::SCWSystem::Writing the bif file for system config design_1_wrapper
TRACE::2026-05-04.20:37:59::SCWSystem::dir created 
TRACE::2026-05-04.20:37:59::SCWSystem::Writing the bif 
TRACE::2026-05-04.20:37:59::SCWPlatform::Started writing the spfm file 
TRACE::2026-05-04.20:37:59::SCWPlatform::Started writing the xpfm file 
TRACE::2026-05-04.20:37:59::SCWPlatform::Completed generating the platform
TRACE::2026-05-04.20:37:59::SCWMssOS::Saving the mss changes D:/JJM/260504_MicroBlaze_SPI/workspace/design_1_wrapper/microblaze_0/standalone_microblaze_0/bsp/system.mss
TRACE::2026-05-04.20:37:59::SCWMssOS::Found a swdesign opened with the mssfile.
TRACE::2026-05-04.20:37:59::SCWMssOS::Completed writemss as part of save.
TRACE::2026-05-04.20:37:59::SCWMssOS::Commit changes completed.
TRACE::2026-05-04.20:37:59::SCWPlatform::Trying to open the hw design at D:/JJM/260504_MicroBlaze_SPI/workspace/design_1_wrapper/hw/design_1_wrapper.xsa
TRACE::2026-05-04.20:37:59::SCWPlatform::DSA given D:/JJM/260504_MicroBlaze_SPI/workspace/design_1_wrapper/hw/design_1_wrapper.xsa
TRACE::2026-05-04.20:37:59::SCWPlatform::DSA absoulate path D:/JJM/260504_MicroBlaze_SPI/workspace/design_1_wrapper/hw/design_1_wrapper.xsa
TRACE::2026-05-04.20:37:59::SCWPlatform::DSA directory D:/JJM/260504_MicroBlaze_SPI/workspace/design_1_wrapper/hw
TRACE::2026-05-04.20:37:59::SCWPlatform:: Platform Path D:/JJM/260504_MicroBlaze_SPI/workspace/design_1_wrapper/hw/design_1_wrapper.xsa
TRACE::2026-05-04.20:37:59::SCWPlatform:: Unique name xilinx:basys3::0.0
TRACE::2026-05-04.20:37:59::SCWPlatform::Trying to set the existing hwdb with name design_1_wrapper_0
TRACE::2026-05-04.20:37:59::SCWPlatform::Opened existing hwdb design_1_wrapper_0
TRACE::2026-05-04.20:37:59::SCWPlatform::Found the Hw Db part of the input DSA
TRACE::2026-05-04.20:37:59::SCWMssOS::Checking the sw design at  D:/JJM/260504_MicroBlaze_SPI/workspace/design_1_wrapper/microblaze_0/standalone_microblaze_0/bsp/system.mss
TRACE::2026-05-04.20:37:59::SCWMssOS::DEBUG:  swdes dump  D:/JJM/260504_MicroBlaze_SPI/workspace/design_1_wrapper/microblaze_0/standalone_microblaze_0/bsp/system.mss|system||

TRACE::2026-05-04.20:37:59::SCWMssOS::Sw design exists and opened at  D:/JJM/260504_MicroBlaze_SPI/workspace/design_1_wrapper/microblaze_0/standalone_microblaze_0/bsp/system.mss
TRACE::2026-05-04.20:37:59::SCWPlatform::Trying to open the hw design at D:/JJM/260504_MicroBlaze_SPI/workspace/design_1_wrapper/hw/design_1_wrapper.xsa
TRACE::2026-05-04.20:37:59::SCWPlatform::DSA given D:/JJM/260504_MicroBlaze_SPI/workspace/design_1_wrapper/hw/design_1_wrapper.xsa
TRACE::2026-05-04.20:37:59::SCWPlatform::DSA absoulate path D:/JJM/260504_MicroBlaze_SPI/workspace/design_1_wrapper/hw/design_1_wrapper.xsa
TRACE::2026-05-04.20:37:59::SCWPlatform::DSA directory D:/JJM/260504_MicroBlaze_SPI/workspace/design_1_wrapper/hw
TRACE::2026-05-04.20:37:59::SCWPlatform:: Platform Path D:/JJM/260504_MicroBlaze_SPI/workspace/design_1_wrapper/hw/design_1_wrapper.xsa
TRACE::2026-05-04.20:37:59::SCWPlatform:: Unique name xilinx:basys3::0.0
TRACE::2026-05-04.20:37:59::SCWPlatform::Trying to set the existing hwdb with name design_1_wrapper_0
TRACE::2026-05-04.20:37:59::SCWPlatform::Opened existing hwdb design_1_wrapper_0
TRACE::2026-05-04.20:37:59::SCWPlatform::Found the Hw Db part of the input DSA
TRACE::2026-05-04.20:37:59::SCWMssOS::Checking the sw design at  D:/JJM/260504_MicroBlaze_SPI/workspace/design_1_wrapper/microblaze_0/standalone_microblaze_0/bsp/system.mss
TRACE::2026-05-04.20:37:59::SCWMssOS::DEBUG:  swdes dump  D:/JJM/260504_MicroBlaze_SPI/workspace/design_1_wrapper/microblaze_0/standalone_microblaze_0/bsp/system.mss|system||

TRACE::2026-05-04.20:37:59::SCWMssOS::Sw design exists and opened at  D:/JJM/260504_MicroBlaze_SPI/workspace/design_1_wrapper/microblaze_0/standalone_microblaze_0/bsp/system.mss
TRACE::2026-05-04.20:37:59::SCWPlatform::Trying to open the hw design at D:/JJM/260504_MicroBlaze_SPI/workspace/design_1_wrapper/hw/design_1_wrapper.xsa
TRACE::2026-05-04.20:37:59::SCWPlatform::DSA given D:/JJM/260504_MicroBlaze_SPI/workspace/design_1_wrapper/hw/design_1_wrapper.xsa
TRACE::2026-05-04.20:37:59::SCWPlatform::DSA absoulate path D:/JJM/260504_MicroBlaze_SPI/workspace/design_1_wrapper/hw/design_1_wrapper.xsa
TRACE::2026-05-04.20:37:59::SCWPlatform::DSA directory D:/JJM/260504_MicroBlaze_SPI/workspace/design_1_wrapper/hw
TRACE::2026-05-04.20:37:59::SCWPlatform:: Platform Path D:/JJM/260504_MicroBlaze_SPI/workspace/design_1_wrapper/hw/design_1_wrapper.xsa
TRACE::2026-05-04.20:37:59::SCWPlatform:: Unique name xilinx:basys3::0.0
TRACE::2026-05-04.20:37:59::SCWPlatform::Trying to set the existing hwdb with name design_1_wrapper_0
TRACE::2026-05-04.20:37:59::SCWPlatform::Opened existing hwdb design_1_wrapper_0
TRACE::2026-05-04.20:37:59::SCWPlatform::Found the Hw Db part of the input DSA
TRACE::2026-05-04.20:37:59::SCWMssOS::Checking the sw design at  D:/JJM/260504_MicroBlaze_SPI/workspace/design_1_wrapper/microblaze_0/standalone_microblaze_0/bsp/system.mss
TRACE::2026-05-04.20:37:59::SCWMssOS::DEBUG:  swdes dump  D:/JJM/260504_MicroBlaze_SPI/workspace/design_1_wrapper/microblaze_0/standalone_microblaze_0/bsp/system.mss|system||

TRACE::2026-05-04.20:37:59::SCWMssOS::Sw design exists and opened at  D:/JJM/260504_MicroBlaze_SPI/workspace/design_1_wrapper/microblaze_0/standalone_microblaze_0/bsp/system.mss
TRACE::2026-05-04.20:37:59::SCWWriter::formatted JSON is {
	"platformName":	"design_1_wrapper",
	"sprVersion":	"2.0",
	"mode":	"gui",
	"dsaType":	"Fixed",
	"platformDesc":	"design_1_wrapper",
	"platHandOff":	"D:/JJM/260504_MicroBlaze_SPI/XSA/design_1_wrapper.xsa",
	"platIntHandOff":	"<platformDir>/hw/design_1_wrapper.xsa",
	"deviceType":	"FPGA",
	"platIsPrebuiltAutogen":	"false",
	"platIsNoBootBsp":	"false",
	"hasFsblMakeHasChanges":	"false",
	"hasPmufwMakeHasChanges":	"false",
	"platPreBuiltFlag":	false,
	"platformSamplesDir":	"",
	"platActiveSys":	"design_1_wrapper",
	"systems":	[{
			"systemName":	"design_1_wrapper",
			"systemDesc":	"design_1_wrapper",
			"sysIsBootAutoGen":	"true",
			"systemDispName":	"design_1_wrapper",
			"sysActiveDom":	"standalone_microblaze_0",
			"sysDefaultDom":	"standalone_microblaze_0",
			"domains":	[{
					"domainName":	"standalone_microblaze_0",
					"domainDispName":	"standalone_microblaze_0",
					"domainDesc":	"standalone_microblaze_0",
					"processors":	"microblaze_0",
					"os":	"standalone",
					"sdxOs":	"standalone",
					"debugEnable":	"False",
					"domRuntimes":	["cpp"],
					"swRepo":	"",
					"mssOsVer":	"7.3",
					"mssFile":	"",
					"md5Digest":	"85f77e7db2e9bf635a88fb5105542194",
					"compatibleApp":	"empty_application",
					"domType":	"mssDomain",
					"arch":	"32-bit",
					"appSettings":	{
						"appCompilerFlags":	"",
						"appLinkerFlags":	""
					},
					"addedLibs":	[],
					"libOptions":	{
						"libsContainingOptions":	[]
					},
					"prebuiltLibs":	{
						"prebuiltIncPath":	[],
						"prebuiltLibPath":	[]
					},
					"isolation":	{
					}
				}]
		}]
}
KEYINFO::2026-05-04.20:37:59::SCWPlatform::updated the xpfm file.
TRACE::2026-05-04.20:37:59::SCWPlatform::Trying to open the hw design at D:/JJM/260504_MicroBlaze_SPI/workspace/design_1_wrapper/hw/design_1_wrapper.xsa
TRACE::2026-05-04.20:37:59::SCWPlatform::DSA given D:/JJM/260504_MicroBlaze_SPI/workspace/design_1_wrapper/hw/design_1_wrapper.xsa
TRACE::2026-05-04.20:37:59::SCWPlatform::DSA absoulate path D:/JJM/260504_MicroBlaze_SPI/workspace/design_1_wrapper/hw/design_1_wrapper.xsa
TRACE::2026-05-04.20:37:59::SCWPlatform::DSA directory D:/JJM/260504_MicroBlaze_SPI/workspace/design_1_wrapper/hw
TRACE::2026-05-04.20:37:59::SCWPlatform:: Platform Path D:/JJM/260504_MicroBlaze_SPI/workspace/design_1_wrapper/hw/design_1_wrapper.xsa
TRACE::2026-05-04.20:37:59::SCWPlatform:: Unique name xilinx:basys3::0.0
TRACE::2026-05-04.20:37:59::SCWPlatform::Trying to set the existing hwdb with name design_1_wrapper_0
TRACE::2026-05-04.20:37:59::SCWPlatform::Opened existing hwdb design_1_wrapper_0
TRACE::2026-05-04.20:37:59::SCWPlatform::Found the Hw Db part of the input DSA
TRACE::2026-05-04.20:37:59::SCWMssOS::Checking the sw design at  D:/JJM/260504_MicroBlaze_SPI/workspace/design_1_wrapper/microblaze_0/standalone_microblaze_0/bsp/system.mss
TRACE::2026-05-04.20:37:59::SCWMssOS::DEBUG:  swdes dump  D:/JJM/260504_MicroBlaze_SPI/workspace/design_1_wrapper/microblaze_0/standalone_microblaze_0/bsp/system.mss|system||

TRACE::2026-05-04.20:37:59::SCWMssOS::Sw design exists and opened at  D:/JJM/260504_MicroBlaze_SPI/workspace/design_1_wrapper/microblaze_0/standalone_microblaze_0/bsp/system.mss
